<?xml version="1.0" encoding="UTF-8"?>
<testsuites name="Companion_Type" time="1209.397" tests="10" failures="0" errors="0">
   <testsuite name="Companion_Type" tests="10" failures="0" errors="0" time="1209.397" skipped="0" timestamp="2023-11-27 13:19:22" hostname="PalakGupta - LININDAUG23-266" id="Test Suites/Companion/Companion_Type">
      <properties>
         <property name="deviceName" value=""/>
         <property name="devicePlatform" value=""/>
         <property name="logFolder" value="C:\\Users\\PalakGupta\\OneDrive - pursuit software development pvt. ltd\\Desktop\\Automation_CaringConnection\\Reports\\20231127_131918\\Companion\\Companion_Type\\20231127_131919"/>
         <property name="logFiles" value="C:\\Users\\PalakGupta\\OneDrive - pursuit software development pvt. ltd\\Desktop\\Automation_CaringConnection\\Reports\\20231127_131918\\Companion\\Companion_Type\\20231127_131919\\execution0.log"/>
         <property name="attachments" value=""/>
         <property name="hostName" value="PalakGupta - LININDAUG23-266"/>
         <property name="os" value="Windows 11 64bit"/>
         <property name="katalonVersion" value="9.0.0.212"/>
         <property name="browser" value="Chrome 119.0.0.0"/>
         <property name="hostAddress" value="192.168.0.105"/>
         <property name="sessionId" value="5c7d184ef948cee8ce0d4c61f5f18e72"/>
         <property name="seleniumVersion" value="3.141.59"/>
         <property name="proxyInformation" value="ProxyInformation { proxyOption=NO_PROXY, proxyServerType=HTTP, username=, password=********, proxyServerAddress=, proxyServerPort=0, executionList=&quot;&quot;, isApplyToDesiredCapabilities=true }"/>
         <property name="platform" value="Windows 11"/>
      </properties>
      <testcase name="Test Cases/Companion_TestCases/TC04_CreateProfile_Type" time="123.221" classname="Test Cases/Companion_TestCases/TC04_CreateProfile_Type" status="PASSED">
         <system-out><![CDATA[2023-11-27 13:19:22 - [TEST_CASE][PASSED] - Test Cases/Companion_TestCases/TC04_CreateProfile_Type: Test Cases/Companion_TestCases/TC04_CreateProfile_Type

2023-11-27 13:19:22 - [TEST_STEP][PASSED] - callTestCase(findTestCase("Common_TestCases/Companion_SignUp"), ["username":UserName, "zipcode":ZipCode, "email":Email, "password":Password], STOP_ON_FAILURE): Call Test Case 'Test Cases/Common_TestCases/Companion_SignUp' successfully

2023-11-27 13:19:23 - [TEST_CASE][PASSED] - Test Cases/Common_TestCases/Companion_SignUp: Test Cases/Common_TestCases/Companion_SignUp

2023-11-27 13:19:23 - [TEST_STEP][PASSED] - System.setProperty("webdriver.chrome.driver", "Data Files/chromedriver-win64/chromedriver.exe"): null

2023-11-27 13:19:23 - [TEST_STEP][PASSED] - options = new org.openqa.selenium.chrome.ChromeOptions(): null

2023-11-27 13:19:23 - [TEST_STEP][PASSED] - options.addArguments("start-maximized"): null

2023-11-27 13:19:23 - [TEST_STEP][PASSED] - options.setExperimentalOption("prefs", new Script1700728747784$1(this)): null

2023-11-27 13:19:23 - [TEST_STEP][PASSED] - capabilities = DesiredCapabilities.chrome(): null

2023-11-27 13:19:23 - [TEST_STEP][PASSED] - capabilities.setCapability(CAPABILITY, options): null

2023-11-27 13:19:23 - [TEST_STEP][PASSED] - driver = new org.openqa.selenium.chrome.ChromeDriver(capabilities): null

2023-11-27 13:19:25 - [TEST_STEP][PASSED] - changeWebDriver(driver): null

2023-11-27 13:19:25 - [TEST_STEP][PASSED] - navigateToUrl("https://caring-connections-qa.azurewebsites.net/"): Navigate to 'https://caring-connections-qa.azurewebsites.net/' successfully

2023-11-27 13:19:27 - [MESSAGE][PASSED] - Navigate to 'https://caring-connections-qa.azurewebsites.net/' successfully

2023-11-27 13:19:27 - [TEST_STEP][PASSED] - click(findTestObject("Login_Pages/Sign_In_Page/button_Sign_Up")): Object: 'Object Repository/Login_Pages/Sign_In_Page/button_Sign_Up' is clicked on

2023-11-27 13:19:29 - [MESSAGE][PASSED] - Object: 'Object Repository/Login_Pages/Sign_In_Page/button_Sign_Up' is clicked on

2023-11-27 13:19:29 - [TEST_STEP][PASSED] - setText(findTestObject("Login_Pages/Sign_Up_Page/Input_First_Last_Name"), username): Text 'Ethan' is set on object 'Object Repository/Login_Pages/Sign_Up_Page/Input_First_Last_Name'

2023-11-27 13:19:30 - [MESSAGE][PASSED] - Text 'Ethan' is set on object 'Object Repository/Login_Pages/Sign_Up_Page/Input_First_Last_Name'

2023-11-27 13:19:30 - [TEST_STEP][PASSED] - setText(findTestObject("Login_Pages/Sign_Up_Page/Input_ZIP_code"), zipcode): Text '464646' is set on object 'Object Repository/Login_Pages/Sign_Up_Page/Input_ZIP_code'

2023-11-27 13:19:30 - [MESSAGE][PASSED] - Text '464646' is set on object 'Object Repository/Login_Pages/Sign_Up_Page/Input_ZIP_code'

2023-11-27 13:19:30 - [TEST_STEP][PASSED] - setText(findTestObject("Login_Pages/Sign_Up_Page/Input_Username"), email): Text 'ethan233@gmail.com' is set on object 'Object Repository/Login_Pages/Sign_Up_Page/Input_Username'

2023-11-27 13:19:30 - [MESSAGE][PASSED] - Text 'ethan233@gmail.com' is set on object 'Object Repository/Login_Pages/Sign_Up_Page/Input_Username'

2023-11-27 13:19:30 - [TEST_STEP][PASSED] - setText(findTestObject("Login_Pages/Sign_Up_Page/Input_Password"), password): Text 'Test@123' is set on object 'Object Repository/Login_Pages/Sign_Up_Page/Input_Password'

2023-11-27 13:19:30 - [MESSAGE][PASSED] - Text 'Test@123' is set on object 'Object Repository/Login_Pages/Sign_Up_Page/Input_Password'

2023-11-27 13:19:30 - [TEST_STEP][PASSED] - click(findTestObject("Login_Pages/Sign_Up_Page/button_role_Companion")): Object: 'Object Repository/Login_Pages/Sign_Up_Page/button_role_Companion' is clicked on

2023-11-27 13:19:30 - [MESSAGE][PASSED] - Object: 'Object Repository/Login_Pages/Sign_Up_Page/button_role_Companion' is clicked on

2023-11-27 13:19:30 - [TEST_STEP][PASSED] - click(findTestObject("Login_Pages/Sign_Up_Page/button_Sign_Up")): Object: 'Object Repository/Login_Pages/Sign_Up_Page/button_Sign_Up' is clicked on

2023-11-27 13:19:31 - [MESSAGE][PASSED] - Object: 'Object Repository/Login_Pages/Sign_Up_Page/button_Sign_Up' is clicked on

2023-11-27 13:19:31 - [MESSAGE][PASSED] - Call Test Case 'Test Cases/Common_TestCases/Companion_SignUp' successfully

2023-11-27 13:19:31 - [TEST_STEP][PASSED] - verifyElementPresent(findTestObject("Profile_Creation_Page/Profile_Creation_Page_Objects/Text_Expectations_From_Senior"), 0): Object 'Object Repository/Profile_Creation_Page/Profile_Creation_Page_Objects/Text_Expectations_From_Senior' is present

2023-11-27 13:19:31 - [MESSAGE][WARNING] - Timeout '0' is invalid. Using default page load timeout: '30'

2023-11-27 13:19:35 - [MESSAGE][PASSED] - Object 'Object Repository/Profile_Creation_Page/Profile_Creation_Page_Objects/Text_Expectations_From_Senior' is present

2023-11-27 13:19:35 - [TEST_STEP][PASSED] - verifyElementPresent(findTestObject("Profile_Creation_Page/Profile_Creation_Page_Objects/Text_Select the button of your choice to create your profile"), 0): Object 'Object Repository/Profile_Creation_Page/Profile_Creation_Page_Objects/Text_Select the button of your choice to create your profile' is present

2023-11-27 13:19:35 - [MESSAGE][WARNING] - Timeout '0' is invalid. Using default page load timeout: '30'

2023-11-27 13:19:35 - [MESSAGE][PASSED] - Object 'Object Repository/Profile_Creation_Page/Profile_Creation_Page_Objects/Text_Select the button of your choice to create your profile' is present

2023-11-27 13:19:35 - [TEST_STEP][PASSED] - verifyElementPresent(findTestObject("Profile_Creation_Page/Profile_Creation_Page_Objects/Text_We are excited"), 0): Object 'Object Repository/Profile_Creation_Page/Profile_Creation_Page_Objects/Text_We are excited' is present

2023-11-27 13:19:35 - [MESSAGE][WARNING] - Timeout '0' is invalid. Using default page load timeout: '30'

2023-11-27 13:19:35 - [MESSAGE][PASSED] - Object 'Object Repository/Profile_Creation_Page/Profile_Creation_Page_Objects/Text_We are excited' is present

2023-11-27 13:19:35 - [TEST_STEP][PASSED] - waitForElementClickable(findTestObject("Profile_Creation_Page/Profile_Creation_Page_Objects/btn_I_Want_To_Type"), 65): Object 'Object Repository/Profile_Creation_Page/Profile_Creation_Page_Objects/btn_I_Want_To_Type' is clickable

2023-11-27 13:20:28 - [MESSAGE][PASSED] - Object 'Object Repository/Profile_Creation_Page/Profile_Creation_Page_Objects/btn_I_Want_To_Type' is clickable

2023-11-27 13:20:28 - [TEST_STEP][PASSED] - click(findTestObject("Profile_Creation_Page/Profile_Creation_Page_Objects/btn_I_Want_To_Type")): Object: 'Object Repository/Profile_Creation_Page/Profile_Creation_Page_Objects/btn_I_Want_To_Type' is clicked on

2023-11-27 13:20:28 - [MESSAGE][PASSED] - Object: 'Object Repository/Profile_Creation_Page/Profile_Creation_Page_Objects/btn_I_Want_To_Type' is clicked on

2023-11-27 13:20:28 - [TEST_STEP][PASSED] - setText(findTestObject("Profile_Creation_Page/Profile_Creation_Page_Objects/Input_I_Want_To_Type"), Profile): Text 'Hello, I'm Ethan, a passionate technology enthusiast, celebrating my 32 years of existence. Equipped with a Ph.D. in computer science, I've spent the past two decades exploring the ever-evolving world of artificial intelligence and machine learning. Beyond the technical domain, I find great satisfaction in channeling my creativity into writing, crafting compelling stories that transport readers to different realms. In my quest for professional growth, I'm in search of a senior who can offer valuable insights as I navigate the dynamic field of AI research. On a personal note, I prioritize a balanced lifestyle despite managing allergies, with regular yoga and meditation sessions ensuring both my physical and mental well-being.' is set on object 'Object Repository/Profile_Creation_Page/Profile_Creation_Page_Objects/Input_I_Want_To_Type'

2023-11-27 13:20:29 - [MESSAGE][PASSED] - Text 'Hello, I'm Ethan, a passionate technology enthusiast, celebrating my 32 years of existence. Equipped with a Ph.D. in computer science, I've spent the past two decades exploring the ever-evolving world of artificial intelligence and machine learning. Beyond the technical domain, I find great satisfaction in channeling my creativity into writing, crafting compelling stories that transport readers to different realms. In my quest for professional growth, I'm in search of a senior who can offer valuable insights as I navigate the dynamic field of AI research. On a personal note, I prioritize a balanced lifestyle despite managing allergies, with regular yoga and meditation sessions ensuring both my physical and mental well-being.' is set on object 'Object Repository/Profile_Creation_Page/Profile_Creation_Page_Objects/Input_I_Want_To_Type'

2023-11-27 13:20:29 - [TEST_STEP][PASSED] - scrollToElement(findTestObject("Object Repository/Profile_Creation_Page/Profile_Creation_Page_Objects/button_Next"), 0): Scroll to object 'Object Repository/Profile_Creation_Page/Profile_Creation_Page_Objects/button_Next' successfully

2023-11-27 13:20:29 - [MESSAGE][WARNING] - Timeout '0' is invalid. Using default page load timeout: '30'

2023-11-27 13:20:29 - [MESSAGE][PASSED] - Scroll to object 'Object Repository/Profile_Creation_Page/Profile_Creation_Page_Objects/button_Next' successfully

2023-11-27 13:20:29 - [TEST_STEP][PASSED] - click(findTestObject("Object Repository/Profile_Creation_Page/Profile_Creation_Page_Objects/button_Next")): Object: 'Object Repository/Profile_Creation_Page/Profile_Creation_Page_Objects/button_Next' is clicked on

2023-11-27 13:20:32 - [MESSAGE][PASSED] - Object: 'Object Repository/Profile_Creation_Page/Profile_Creation_Page_Objects/button_Next' is clicked on

2023-11-27 13:20:32 - [TEST_STEP][PASSED] - delay(45): Delayed 45 second(s)

2023-11-27 13:21:17 - [MESSAGE][PASSED] - Delayed 45 second(s)

2023-11-27 13:21:17 - [TEST_STEP][PASSED] - Education = getAttribute(findTestObject("Category_View_Page/Category_View_Page_Objects/Input_Edit_Educational_Info"), "value"): Attribute 'value' of object 'Object Repository/Category_View_Page/Category_View_Page_Objects/Input_Edit_Educational_Info' is: 'Equipped with a Ph.D. in computer science, I've spent the past two decades exploring the ever-evolving world of artificial intelligence and machine learning.'

2023-11-27 13:21:17 - [MESSAGE][PASSED] - Attribute 'value' of object 'Object Repository/Category_View_Page/Category_View_Page_Objects/Input_Edit_Educational_Info' is: 'Equipped with a Ph.D. in computer science, I've spent the past two decades exploring the ever-evolving world of artificial intelligence and machine learning.'

2023-11-27 13:21:17 - [TEST_STEP][PASSED] - validateText.ValidateText.calculateAndPrintPercentageMatch("EDUCATION", Education, EducationNew): validateText.ValidateText.calculateAndPrintPercentageMatch is PASSED

2023-11-27 13:21:18 - [MESSAGE][PASSED] - validateText.ValidateText.calculateAndPrintPercentageMatch is PASSED

2023-11-27 13:21:18 - [TEST_STEP][PASSED] - Hobbies = getAttribute(findTestObject("Category_View_Page/Category_View_Page_Objects/Input_Edit_Appropriate_Hobbies"), "value"): Attribute 'value' of object 'Object Repository/Category_View_Page/Category_View_Page_Objects/Input_Edit_Appropriate_Hobbies' is: 'Beyond the technical domain, I find great satisfaction in channeling my creativity into writing, crafting compelling stories that transport readers to different realms.'

2023-11-27 13:21:18 - [MESSAGE][PASSED] - Attribute 'value' of object 'Object Repository/Category_View_Page/Category_View_Page_Objects/Input_Edit_Appropriate_Hobbies' is: 'Beyond the technical domain, I find great satisfaction in channeling my creativity into writing, crafting compelling stories that transport readers to different realms.'

2023-11-27 13:21:18 - [TEST_STEP][PASSED] - validateText.ValidateText.calculateAndPrintPercentageMatch("HOBBIES", Hobbies, HobbiesNew): validateText.ValidateText.calculateAndPrintPercentageMatch is PASSED

2023-11-27 13:21:18 - [MESSAGE][PASSED] - validateText.ValidateText.calculateAndPrintPercentageMatch is PASSED

2023-11-27 13:21:18 - [TEST_STEP][PASSED] - Expectations = getAttribute(findTestObject("Category_View_Page/Category_View_Page_Objects/Input_Edit_expectation"), "value"): Attribute 'value' of object 'Object Repository/Category_View_Page/Category_View_Page_Objects/Input_Edit_expectation' is: 'In my quest for professional growth, I'm in search of a senior who can offer valuable insights as I navigate the dynamic field of AI research.'

2023-11-27 13:21:18 - [MESSAGE][PASSED] - Attribute 'value' of object 'Object Repository/Category_View_Page/Category_View_Page_Objects/Input_Edit_expectation' is: 'In my quest for professional growth, I'm in search of a senior who can offer valuable insights as I navigate the dynamic field of AI research.'

2023-11-27 13:21:18 - [TEST_STEP][PASSED] - validateText.ValidateText.calculateAndPrintPercentageMatch("EXPECTATIONS", Expectations, ExpectationsNew): validateText.ValidateText.calculateAndPrintPercentageMatch is PASSED

2023-11-27 13:21:18 - [MESSAGE][PASSED] - validateText.ValidateText.calculateAndPrintPercentageMatch is PASSED

2023-11-27 13:21:18 - [TEST_STEP][PASSED] - Others = getAttribute(findTestObject("Category_View_Page/Category_View_Page_Objects/Input_Edit_Appropriate_Health"), "value"): Attribute 'value' of object 'Object Repository/Category_View_Page/Category_View_Page_Objects/Input_Edit_Appropriate_Health' is: 'on a personal note, i prioritize a balanced lifestyle despite managing allergies, with regular yoga and meditation sessions ensuring both my physical and mental well-being. hello, i'm ethan, a passionate technology enthusiast, celebrating my 32 years of existence. celebrating my 32 years of existence.'

2023-11-27 13:21:18 - [MESSAGE][PASSED] - Attribute 'value' of object 'Object Repository/Category_View_Page/Category_View_Page_Objects/Input_Edit_Appropriate_Health' is: 'on a personal note, i prioritize a balanced lifestyle despite managing allergies, with regular yoga and meditation sessions ensuring both my physical and mental well-being. hello, i'm ethan, a passionate technology enthusiast, celebrating my 32 years of existence. celebrating my 32 years of existence.'

2023-11-27 13:21:18 - [TEST_STEP][PASSED] - validateText.ValidateText.calculateAndPrintPercentageMatch("OTHERS", Others, OtherNew): validateText.ValidateText.calculateAndPrintPercentageMatch is PASSED

2023-11-27 13:21:18 - [MESSAGE][PASSED] - validateText.ValidateText.calculateAndPrintPercentageMatch is PASSED

2023-11-27 13:21:18 - [TEST_STEP][PASSED] - waitForElementClickable(findTestObject("Object Repository/Category_View_Page/Category_View_Page_Objects/button_Save  Continue"), 65): Object 'Object Repository/Category_View_Page/Category_View_Page_Objects/button_Save  Continue' is clickable

2023-11-27 13:21:19 - [MESSAGE][PASSED] - Object 'Object Repository/Category_View_Page/Category_View_Page_Objects/button_Save  Continue' is clickable

2023-11-27 13:21:19 - [TEST_STEP][PASSED] - click(findTestObject("Object Repository/Category_View_Page/Category_View_Page_Objects/button_Save  Continue")): Object: 'Object Repository/Category_View_Page/Category_View_Page_Objects/button_Save  Continue' is clicked on

2023-11-27 13:21:21 - [MESSAGE][PASSED] - Object: 'Object Repository/Category_View_Page/Category_View_Page_Objects/button_Save  Continue' is clicked on

2023-11-27 13:21:21 - [TEST_STEP][PASSED] - verifyElementPresent(findTestObject("Object Repository/Thankyou_Page/Thankyou_Page_Objects/txt_h1_Thank you"), 0): Object 'Object Repository/Thankyou_Page/Thankyou_Page_Objects/txt_h1_Thank you' is present

2023-11-27 13:21:21 - [MESSAGE][WARNING] - Timeout '0' is invalid. Using default page load timeout: '30'

2023-11-27 13:21:22 - [MESSAGE][PASSED] - Object 'Object Repository/Thankyou_Page/Thankyou_Page_Objects/txt_h1_Thank you' is present

2023-11-27 13:21:22 - [TEST_STEP][PASSED] - delay(2): Delayed 2 second(s)

2023-11-27 13:21:24 - [MESSAGE][PASSED] - Delayed 2 second(s)

2023-11-27 13:21:24 - [TEST_STEP][PASSED] - closeBrowser(): Browser is closed

2023-11-27 13:21:25 - [MESSAGE][PASSED] - Browser is closed]]></system-out>
         <system-err><![CDATA[]]></system-err>
      </testcase>
      <testcase name="Test Cases/Companion_TestCases/TC04_CreateProfile_Type" time="119.526" classname="Test Cases/Companion_TestCases/TC04_CreateProfile_Type" status="PASSED">
         <system-out><![CDATA[2023-11-27 13:21:26 - [TEST_CASE][PASSED] - Test Cases/Companion_TestCases/TC04_CreateProfile_Type: Test Cases/Companion_TestCases/TC04_CreateProfile_Type

2023-11-27 13:21:26 - [TEST_STEP][PASSED] - callTestCase(findTestCase("Common_TestCases/Companion_SignUp"), ["username":UserName, "zipcode":ZipCode, "email":Email, "password":Password], STOP_ON_FAILURE): Call Test Case 'Test Cases/Common_TestCases/Companion_SignUp' successfully

2023-11-27 13:21:26 - [TEST_CASE][PASSED] - Test Cases/Common_TestCases/Companion_SignUp: Test Cases/Common_TestCases/Companion_SignUp

2023-11-27 13:21:26 - [TEST_STEP][PASSED] - System.setProperty("webdriver.chrome.driver", "Data Files/chromedriver-win64/chromedriver.exe"): null

2023-11-27 13:21:26 - [TEST_STEP][PASSED] - options = new org.openqa.selenium.chrome.ChromeOptions(): null

2023-11-27 13:21:26 - [TEST_STEP][PASSED] - options.addArguments("start-maximized"): null

2023-11-27 13:21:26 - [TEST_STEP][PASSED] - options.setExperimentalOption("prefs", new Script1700728747784$1(this)): null

2023-11-27 13:21:26 - [TEST_STEP][PASSED] - capabilities = DesiredCapabilities.chrome(): null

2023-11-27 13:21:26 - [TEST_STEP][PASSED] - capabilities.setCapability(CAPABILITY, options): null

2023-11-27 13:21:26 - [TEST_STEP][PASSED] - driver = new org.openqa.selenium.chrome.ChromeDriver(capabilities): null

2023-11-27 13:21:28 - [TEST_STEP][PASSED] - changeWebDriver(driver): null

2023-11-27 13:21:28 - [TEST_STEP][PASSED] - navigateToUrl("https://caring-connections-qa.azurewebsites.net/"): Navigate to 'https://caring-connections-qa.azurewebsites.net/' successfully

2023-11-27 13:21:30 - [MESSAGE][PASSED] - Navigate to 'https://caring-connections-qa.azurewebsites.net/' successfully

2023-11-27 13:21:30 - [TEST_STEP][PASSED] - click(findTestObject("Login_Pages/Sign_In_Page/button_Sign_Up")): Object: 'Object Repository/Login_Pages/Sign_In_Page/button_Sign_Up' is clicked on

2023-11-27 13:21:32 - [MESSAGE][PASSED] - Object: 'Object Repository/Login_Pages/Sign_In_Page/button_Sign_Up' is clicked on

2023-11-27 13:21:32 - [TEST_STEP][PASSED] - setText(findTestObject("Login_Pages/Sign_Up_Page/Input_First_Last_Name"), username): Text 'Olivia' is set on object 'Object Repository/Login_Pages/Sign_Up_Page/Input_First_Last_Name'

2023-11-27 13:21:33 - [MESSAGE][PASSED] - Text 'Olivia' is set on object 'Object Repository/Login_Pages/Sign_Up_Page/Input_First_Last_Name'

2023-11-27 13:21:33 - [TEST_STEP][PASSED] - setText(findTestObject("Login_Pages/Sign_Up_Page/Input_ZIP_code"), zipcode): Text '464646' is set on object 'Object Repository/Login_Pages/Sign_Up_Page/Input_ZIP_code'

2023-11-27 13:21:33 - [MESSAGE][PASSED] - Text '464646' is set on object 'Object Repository/Login_Pages/Sign_Up_Page/Input_ZIP_code'

2023-11-27 13:21:33 - [TEST_STEP][PASSED] - setText(findTestObject("Login_Pages/Sign_Up_Page/Input_Username"), email): Text 'olivia233@gmail.com' is set on object 'Object Repository/Login_Pages/Sign_Up_Page/Input_Username'

2023-11-27 13:21:33 - [MESSAGE][PASSED] - Text 'olivia233@gmail.com' is set on object 'Object Repository/Login_Pages/Sign_Up_Page/Input_Username'

2023-11-27 13:21:33 - [TEST_STEP][PASSED] - setText(findTestObject("Login_Pages/Sign_Up_Page/Input_Password"), password): Text 'Test@123' is set on object 'Object Repository/Login_Pages/Sign_Up_Page/Input_Password'

2023-11-27 13:21:33 - [MESSAGE][PASSED] - Text 'Test@123' is set on object 'Object Repository/Login_Pages/Sign_Up_Page/Input_Password'

2023-11-27 13:21:33 - [TEST_STEP][PASSED] - click(findTestObject("Login_Pages/Sign_Up_Page/button_role_Companion")): Object: 'Object Repository/Login_Pages/Sign_Up_Page/button_role_Companion' is clicked on

2023-11-27 13:21:33 - [MESSAGE][PASSED] - Object: 'Object Repository/Login_Pages/Sign_Up_Page/button_role_Companion' is clicked on

2023-11-27 13:21:33 - [TEST_STEP][PASSED] - click(findTestObject("Login_Pages/Sign_Up_Page/button_Sign_Up")): Object: 'Object Repository/Login_Pages/Sign_Up_Page/button_Sign_Up' is clicked on

2023-11-27 13:21:33 - [MESSAGE][PASSED] - Object: 'Object Repository/Login_Pages/Sign_Up_Page/button_Sign_Up' is clicked on

2023-11-27 13:21:33 - [MESSAGE][PASSED] - Call Test Case 'Test Cases/Common_TestCases/Companion_SignUp' successfully

2023-11-27 13:21:33 - [TEST_STEP][PASSED] - verifyElementPresent(findTestObject("Profile_Creation_Page/Profile_Creation_Page_Objects/Text_Expectations_From_Senior"), 0): Object 'Object Repository/Profile_Creation_Page/Profile_Creation_Page_Objects/Text_Expectations_From_Senior' is present

2023-11-27 13:21:33 - [MESSAGE][WARNING] - Timeout '0' is invalid. Using default page load timeout: '30'

2023-11-27 13:21:38 - [MESSAGE][PASSED] - Object 'Object Repository/Profile_Creation_Page/Profile_Creation_Page_Objects/Text_Expectations_From_Senior' is present

2023-11-27 13:21:38 - [TEST_STEP][PASSED] - verifyElementPresent(findTestObject("Profile_Creation_Page/Profile_Creation_Page_Objects/Text_Select the button of your choice to create your profile"), 0): Object 'Object Repository/Profile_Creation_Page/Profile_Creation_Page_Objects/Text_Select the button of your choice to create your profile' is present

2023-11-27 13:21:38 - [MESSAGE][WARNING] - Timeout '0' is invalid. Using default page load timeout: '30'

2023-11-27 13:21:38 - [MESSAGE][PASSED] - Object 'Object Repository/Profile_Creation_Page/Profile_Creation_Page_Objects/Text_Select the button of your choice to create your profile' is present

2023-11-27 13:21:38 - [TEST_STEP][PASSED] - verifyElementPresent(findTestObject("Profile_Creation_Page/Profile_Creation_Page_Objects/Text_We are excited"), 0): Object 'Object Repository/Profile_Creation_Page/Profile_Creation_Page_Objects/Text_We are excited' is present

2023-11-27 13:21:38 - [MESSAGE][WARNING] - Timeout '0' is invalid. Using default page load timeout: '30'

2023-11-27 13:21:38 - [MESSAGE][PASSED] - Object 'Object Repository/Profile_Creation_Page/Profile_Creation_Page_Objects/Text_We are excited' is present

2023-11-27 13:21:38 - [TEST_STEP][PASSED] - waitForElementClickable(findTestObject("Profile_Creation_Page/Profile_Creation_Page_Objects/btn_I_Want_To_Type"), 65): Object 'Object Repository/Profile_Creation_Page/Profile_Creation_Page_Objects/btn_I_Want_To_Type' is clickable

2023-11-27 13:22:31 - [MESSAGE][PASSED] - Object 'Object Repository/Profile_Creation_Page/Profile_Creation_Page_Objects/btn_I_Want_To_Type' is clickable

2023-11-27 13:22:31 - [TEST_STEP][PASSED] - click(findTestObject("Profile_Creation_Page/Profile_Creation_Page_Objects/btn_I_Want_To_Type")): Object: 'Object Repository/Profile_Creation_Page/Profile_Creation_Page_Objects/btn_I_Want_To_Type' is clicked on

2023-11-27 13:22:31 - [MESSAGE][PASSED] - Object: 'Object Repository/Profile_Creation_Page/Profile_Creation_Page_Objects/btn_I_Want_To_Type' is clicked on

2023-11-27 13:22:31 - [TEST_STEP][PASSED] - setText(findTestObject("Profile_Creation_Page/Profile_Creation_Page_Objects/Input_I_Want_To_Type"), Profile): Text 'Hello, I'm Olivia, a dedicated art aficionado, celebrating my 28 years of existence. With a Bachelor's degree in art history, I've spent the past decade curating and managing art exhibitions at various museums. Beyond my work in the art world, I find immense joy in expressing my creativity through painting, bringing my imagination to life on canvas. In my quest for professional growth, I'm in search of a senior who can provide valuable insights as I navigate the intricate world of art curation. On a personal note, I prioritize a balanced lifestyle despite managing Crohn's disease, with a carefully planned diet and regular meditation ensuring both my physical and mental well-being. ' is set on object 'Object Repository/Profile_Creation_Page/Profile_Creation_Page_Objects/Input_I_Want_To_Type'

2023-11-27 13:22:32 - [MESSAGE][PASSED] - Text 'Hello, I'm Olivia, a dedicated art aficionado, celebrating my 28 years of existence. With a Bachelor's degree in art history, I've spent the past decade curating and managing art exhibitions at various museums. Beyond my work in the art world, I find immense joy in expressing my creativity through painting, bringing my imagination to life on canvas. In my quest for professional growth, I'm in search of a senior who can provide valuable insights as I navigate the intricate world of art curation. On a personal note, I prioritize a balanced lifestyle despite managing Crohn's disease, with a carefully planned diet and regular meditation ensuring both my physical and mental well-being. ' is set on object 'Object Repository/Profile_Creation_Page/Profile_Creation_Page_Objects/Input_I_Want_To_Type'

2023-11-27 13:22:32 - [TEST_STEP][PASSED] - scrollToElement(findTestObject("Object Repository/Profile_Creation_Page/Profile_Creation_Page_Objects/button_Next"), 0): Scroll to object 'Object Repository/Profile_Creation_Page/Profile_Creation_Page_Objects/button_Next' successfully

2023-11-27 13:22:32 - [MESSAGE][WARNING] - Timeout '0' is invalid. Using default page load timeout: '30'

2023-11-27 13:22:32 - [MESSAGE][PASSED] - Scroll to object 'Object Repository/Profile_Creation_Page/Profile_Creation_Page_Objects/button_Next' successfully

2023-11-27 13:22:32 - [TEST_STEP][PASSED] - click(findTestObject("Object Repository/Profile_Creation_Page/Profile_Creation_Page_Objects/button_Next")): Object: 'Object Repository/Profile_Creation_Page/Profile_Creation_Page_Objects/button_Next' is clicked on

2023-11-27 13:22:34 - [MESSAGE][PASSED] - Object: 'Object Repository/Profile_Creation_Page/Profile_Creation_Page_Objects/button_Next' is clicked on

2023-11-27 13:22:34 - [TEST_STEP][PASSED] - delay(45): Delayed 45 second(s)

2023-11-27 13:23:19 - [MESSAGE][PASSED] - Delayed 45 second(s)

2023-11-27 13:23:19 - [TEST_STEP][PASSED] - Education = getAttribute(findTestObject("Category_View_Page/Category_View_Page_Objects/Input_Edit_Educational_Info"), "value"): Attribute 'value' of object 'Object Repository/Category_View_Page/Category_View_Page_Objects/Input_Edit_Educational_Info' is: 'With a Bachelor's degree in art history, I've spent the past decade curating and managing art exhibitions at various museums.'

2023-11-27 13:23:19 - [MESSAGE][PASSED] - Attribute 'value' of object 'Object Repository/Category_View_Page/Category_View_Page_Objects/Input_Edit_Educational_Info' is: 'With a Bachelor's degree in art history, I've spent the past decade curating and managing art exhibitions at various museums.'

2023-11-27 13:23:19 - [TEST_STEP][PASSED] - validateText.ValidateText.calculateAndPrintPercentageMatch("EDUCATION", Education, EducationNew): validateText.ValidateText.calculateAndPrintPercentageMatch is PASSED

2023-11-27 13:23:19 - [MESSAGE][PASSED] - validateText.ValidateText.calculateAndPrintPercentageMatch is PASSED

2023-11-27 13:23:19 - [TEST_STEP][PASSED] - Hobbies = getAttribute(findTestObject("Category_View_Page/Category_View_Page_Objects/Input_Edit_Appropriate_Hobbies"), "value"): Attribute 'value' of object 'Object Repository/Category_View_Page/Category_View_Page_Objects/Input_Edit_Appropriate_Hobbies' is: 'Beyond my work in the art world, I find immense joy in expressing my creativity through painting, bringing my imagination to life on canvas.'

2023-11-27 13:23:19 - [MESSAGE][PASSED] - Attribute 'value' of object 'Object Repository/Category_View_Page/Category_View_Page_Objects/Input_Edit_Appropriate_Hobbies' is: 'Beyond my work in the art world, I find immense joy in expressing my creativity through painting, bringing my imagination to life on canvas.'

2023-11-27 13:23:19 - [TEST_STEP][PASSED] - validateText.ValidateText.calculateAndPrintPercentageMatch("HOBBIES", Hobbies, HobbiesNew): validateText.ValidateText.calculateAndPrintPercentageMatch is PASSED

2023-11-27 13:23:19 - [MESSAGE][PASSED] - validateText.ValidateText.calculateAndPrintPercentageMatch is PASSED

2023-11-27 13:23:19 - [TEST_STEP][PASSED] - Expectations = getAttribute(findTestObject("Category_View_Page/Category_View_Page_Objects/Input_Edit_expectation"), "value"): Attribute 'value' of object 'Object Repository/Category_View_Page/Category_View_Page_Objects/Input_Edit_expectation' is: 'In my quest for professional growth, I'm in search of a senior who can provide valuable insights as I navigate the intricate world of art curation.'

2023-11-27 13:23:19 - [MESSAGE][PASSED] - Attribute 'value' of object 'Object Repository/Category_View_Page/Category_View_Page_Objects/Input_Edit_expectation' is: 'In my quest for professional growth, I'm in search of a senior who can provide valuable insights as I navigate the intricate world of art curation.'

2023-11-27 13:23:19 - [TEST_STEP][PASSED] - validateText.ValidateText.calculateAndPrintPercentageMatch("EXPECTATIONS", Expectations, ExpectationsNew): validateText.ValidateText.calculateAndPrintPercentageMatch is PASSED

2023-11-27 13:23:19 - [MESSAGE][PASSED] - validateText.ValidateText.calculateAndPrintPercentageMatch is PASSED

2023-11-27 13:23:19 - [TEST_STEP][PASSED] - Others = getAttribute(findTestObject("Category_View_Page/Category_View_Page_Objects/Input_Edit_Appropriate_Health"), "value"): Attribute 'value' of object 'Object Repository/Category_View_Page/Category_View_Page_Objects/Input_Edit_Appropriate_Health' is: 'on a personal note, i prioritize a balanced lifestyle despite managing crohn's disease, with a carefully planned diet and regular meditation ensuring both my physical and mental well-being. hello, i'm olivia, a dedicated art aficionado, celebrating my 28 years of existence. i've spent the past decade curating and managing art exhibitions at various museums.'

2023-11-27 13:23:19 - [MESSAGE][PASSED] - Attribute 'value' of object 'Object Repository/Category_View_Page/Category_View_Page_Objects/Input_Edit_Appropriate_Health' is: 'on a personal note, i prioritize a balanced lifestyle despite managing crohn's disease, with a carefully planned diet and regular meditation ensuring both my physical and mental well-being. hello, i'm olivia, a dedicated art aficionado, celebrating my 28 years of existence. i've spent the past decade curating and managing art exhibitions at various museums.'

2023-11-27 13:23:19 - [TEST_STEP][PASSED] - validateText.ValidateText.calculateAndPrintPercentageMatch("OTHERS", Others, OtherNew): validateText.ValidateText.calculateAndPrintPercentageMatch is PASSED

2023-11-27 13:23:19 - [MESSAGE][PASSED] - validateText.ValidateText.calculateAndPrintPercentageMatch is PASSED

2023-11-27 13:23:19 - [TEST_STEP][PASSED] - waitForElementClickable(findTestObject("Object Repository/Category_View_Page/Category_View_Page_Objects/button_Save  Continue"), 65): Object 'Object Repository/Category_View_Page/Category_View_Page_Objects/button_Save  Continue' is clickable

2023-11-27 13:23:20 - [MESSAGE][PASSED] - Object 'Object Repository/Category_View_Page/Category_View_Page_Objects/button_Save  Continue' is clickable

2023-11-27 13:23:20 - [TEST_STEP][PASSED] - click(findTestObject("Object Repository/Category_View_Page/Category_View_Page_Objects/button_Save  Continue")): Object: 'Object Repository/Category_View_Page/Category_View_Page_Objects/button_Save  Continue' is clicked on

2023-11-27 13:23:22 - [MESSAGE][PASSED] - Object: 'Object Repository/Category_View_Page/Category_View_Page_Objects/button_Save  Continue' is clicked on

2023-11-27 13:23:22 - [TEST_STEP][PASSED] - verifyElementPresent(findTestObject("Object Repository/Thankyou_Page/Thankyou_Page_Objects/txt_h1_Thank you"), 0): Object 'Object Repository/Thankyou_Page/Thankyou_Page_Objects/txt_h1_Thank you' is present

2023-11-27 13:23:22 - [MESSAGE][WARNING] - Timeout '0' is invalid. Using default page load timeout: '30'

2023-11-27 13:23:22 - [MESSAGE][PASSED] - Object 'Object Repository/Thankyou_Page/Thankyou_Page_Objects/txt_h1_Thank you' is present

2023-11-27 13:23:22 - [TEST_STEP][PASSED] - delay(2): Delayed 2 second(s)

2023-11-27 13:23:24 - [MESSAGE][PASSED] - Delayed 2 second(s)

2023-11-27 13:23:24 - [TEST_STEP][PASSED] - closeBrowser(): Browser is closed

2023-11-27 13:23:25 - [MESSAGE][PASSED] - Browser is closed]]></system-out>
         <system-err><![CDATA[]]></system-err>
      </testcase>
      <testcase name="Test Cases/Companion_TestCases/TC04_CreateProfile_Type" time="120.122" classname="Test Cases/Companion_TestCases/TC04_CreateProfile_Type" status="PASSED">
         <system-out><![CDATA[2023-11-27 13:23:25 - [TEST_CASE][PASSED] - Test Cases/Companion_TestCases/TC04_CreateProfile_Type: Test Cases/Companion_TestCases/TC04_CreateProfile_Type

2023-11-27 13:23:26 - [TEST_STEP][PASSED] - callTestCase(findTestCase("Common_TestCases/Companion_SignUp"), ["username":UserName, "zipcode":ZipCode, "email":Email, "password":Password], STOP_ON_FAILURE): Call Test Case 'Test Cases/Common_TestCases/Companion_SignUp' successfully

2023-11-27 13:23:26 - [TEST_CASE][PASSED] - Test Cases/Common_TestCases/Companion_SignUp: Test Cases/Common_TestCases/Companion_SignUp

2023-11-27 13:23:26 - [TEST_STEP][PASSED] - System.setProperty("webdriver.chrome.driver", "Data Files/chromedriver-win64/chromedriver.exe"): null

2023-11-27 13:23:26 - [TEST_STEP][PASSED] - options = new org.openqa.selenium.chrome.ChromeOptions(): null

2023-11-27 13:23:26 - [TEST_STEP][PASSED] - options.addArguments("start-maximized"): null

2023-11-27 13:23:26 - [TEST_STEP][PASSED] - options.setExperimentalOption("prefs", new Script1700728747784$1(this)): null

2023-11-27 13:23:26 - [TEST_STEP][PASSED] - capabilities = DesiredCapabilities.chrome(): null

2023-11-27 13:23:26 - [TEST_STEP][PASSED] - capabilities.setCapability(CAPABILITY, options): null

2023-11-27 13:23:26 - [TEST_STEP][PASSED] - driver = new org.openqa.selenium.chrome.ChromeDriver(capabilities): null

2023-11-27 13:23:29 - [TEST_STEP][PASSED] - changeWebDriver(driver): null

2023-11-27 13:23:29 - [TEST_STEP][PASSED] - navigateToUrl("https://caring-connections-qa.azurewebsites.net/"): Navigate to 'https://caring-connections-qa.azurewebsites.net/' successfully

2023-11-27 13:23:31 - [MESSAGE][PASSED] - Navigate to 'https://caring-connections-qa.azurewebsites.net/' successfully

2023-11-27 13:23:31 - [TEST_STEP][PASSED] - click(findTestObject("Login_Pages/Sign_In_Page/button_Sign_Up")): Object: 'Object Repository/Login_Pages/Sign_In_Page/button_Sign_Up' is clicked on

2023-11-27 13:23:33 - [MESSAGE][PASSED] - Object: 'Object Repository/Login_Pages/Sign_In_Page/button_Sign_Up' is clicked on

2023-11-27 13:23:33 - [TEST_STEP][PASSED] - setText(findTestObject("Login_Pages/Sign_Up_Page/Input_First_Last_Name"), username): Text 'Sophia' is set on object 'Object Repository/Login_Pages/Sign_Up_Page/Input_First_Last_Name'

2023-11-27 13:23:34 - [MESSAGE][PASSED] - Text 'Sophia' is set on object 'Object Repository/Login_Pages/Sign_Up_Page/Input_First_Last_Name'

2023-11-27 13:23:34 - [TEST_STEP][PASSED] - setText(findTestObject("Login_Pages/Sign_Up_Page/Input_ZIP_code"), zipcode): Text '464646' is set on object 'Object Repository/Login_Pages/Sign_Up_Page/Input_ZIP_code'

2023-11-27 13:23:34 - [MESSAGE][PASSED] - Text '464646' is set on object 'Object Repository/Login_Pages/Sign_Up_Page/Input_ZIP_code'

2023-11-27 13:23:34 - [TEST_STEP][PASSED] - setText(findTestObject("Login_Pages/Sign_Up_Page/Input_Username"), email): Text 'sophia233@gmail.com' is set on object 'Object Repository/Login_Pages/Sign_Up_Page/Input_Username'

2023-11-27 13:23:34 - [MESSAGE][PASSED] - Text 'sophia233@gmail.com' is set on object 'Object Repository/Login_Pages/Sign_Up_Page/Input_Username'

2023-11-27 13:23:34 - [TEST_STEP][PASSED] - setText(findTestObject("Login_Pages/Sign_Up_Page/Input_Password"), password): Text 'Test@123' is set on object 'Object Repository/Login_Pages/Sign_Up_Page/Input_Password'

2023-11-27 13:23:34 - [MESSAGE][PASSED] - Text 'Test@123' is set on object 'Object Repository/Login_Pages/Sign_Up_Page/Input_Password'

2023-11-27 13:23:34 - [TEST_STEP][PASSED] - click(findTestObject("Login_Pages/Sign_Up_Page/button_role_Companion")): Object: 'Object Repository/Login_Pages/Sign_Up_Page/button_role_Companion' is clicked on

2023-11-27 13:23:34 - [MESSAGE][PASSED] - Object: 'Object Repository/Login_Pages/Sign_Up_Page/button_role_Companion' is clicked on

2023-11-27 13:23:34 - [TEST_STEP][PASSED] - click(findTestObject("Login_Pages/Sign_Up_Page/button_Sign_Up")): Object: 'Object Repository/Login_Pages/Sign_Up_Page/button_Sign_Up' is clicked on

2023-11-27 13:23:34 - [MESSAGE][PASSED] - Object: 'Object Repository/Login_Pages/Sign_Up_Page/button_Sign_Up' is clicked on

2023-11-27 13:23:34 - [MESSAGE][PASSED] - Call Test Case 'Test Cases/Common_TestCases/Companion_SignUp' successfully

2023-11-27 13:23:34 - [TEST_STEP][PASSED] - verifyElementPresent(findTestObject("Profile_Creation_Page/Profile_Creation_Page_Objects/Text_Expectations_From_Senior"), 0): Object 'Object Repository/Profile_Creation_Page/Profile_Creation_Page_Objects/Text_Expectations_From_Senior' is present

2023-11-27 13:23:34 - [MESSAGE][WARNING] - Timeout '0' is invalid. Using default page load timeout: '30'

2023-11-27 13:23:38 - [MESSAGE][PASSED] - Object 'Object Repository/Profile_Creation_Page/Profile_Creation_Page_Objects/Text_Expectations_From_Senior' is present

2023-11-27 13:23:38 - [TEST_STEP][PASSED] - verifyElementPresent(findTestObject("Profile_Creation_Page/Profile_Creation_Page_Objects/Text_Select the button of your choice to create your profile"), 0): Object 'Object Repository/Profile_Creation_Page/Profile_Creation_Page_Objects/Text_Select the button of your choice to create your profile' is present

2023-11-27 13:23:38 - [MESSAGE][WARNING] - Timeout '0' is invalid. Using default page load timeout: '30'

2023-11-27 13:23:38 - [MESSAGE][PASSED] - Object 'Object Repository/Profile_Creation_Page/Profile_Creation_Page_Objects/Text_Select the button of your choice to create your profile' is present

2023-11-27 13:23:38 - [TEST_STEP][PASSED] - verifyElementPresent(findTestObject("Profile_Creation_Page/Profile_Creation_Page_Objects/Text_We are excited"), 0): Object 'Object Repository/Profile_Creation_Page/Profile_Creation_Page_Objects/Text_We are excited' is present

2023-11-27 13:23:38 - [MESSAGE][WARNING] - Timeout '0' is invalid. Using default page load timeout: '30'

2023-11-27 13:23:39 - [MESSAGE][PASSED] - Object 'Object Repository/Profile_Creation_Page/Profile_Creation_Page_Objects/Text_We are excited' is present

2023-11-27 13:23:39 - [TEST_STEP][PASSED] - waitForElementClickable(findTestObject("Profile_Creation_Page/Profile_Creation_Page_Objects/btn_I_Want_To_Type"), 65): Object 'Object Repository/Profile_Creation_Page/Profile_Creation_Page_Objects/btn_I_Want_To_Type' is clickable

2023-11-27 13:24:32 - [MESSAGE][PASSED] - Object 'Object Repository/Profile_Creation_Page/Profile_Creation_Page_Objects/btn_I_Want_To_Type' is clickable

2023-11-27 13:24:32 - [TEST_STEP][PASSED] - click(findTestObject("Profile_Creation_Page/Profile_Creation_Page_Objects/btn_I_Want_To_Type")): Object: 'Object Repository/Profile_Creation_Page/Profile_Creation_Page_Objects/btn_I_Want_To_Type' is clicked on

2023-11-27 13:24:32 - [MESSAGE][PASSED] - Object: 'Object Repository/Profile_Creation_Page/Profile_Creation_Page_Objects/btn_I_Want_To_Type' is clicked on

2023-11-27 13:24:32 - [TEST_STEP][PASSED] - setText(findTestObject("Profile_Creation_Page/Profile_Creation_Page_Objects/Input_I_Want_To_Type"), Profile): Text 'Hello, I'm Sophia, a dedicated environmental advocate, celebrating my 40 years of existence. With a Ph.D. in environmental policy, I've dedicated the past two decades to researching and promoting sustainable agriculture practices. Beyond my work in the environmental sector, I find immense joy in expressing my creativity through gardening, cultivating lush and biodiverse landscapes. In my pursuit of professional growth, I'm in search of a Senior who can offer valuable insights as I navigate the intricate world of agricultural sustainability. On a personal front, I prioritize a balanced lifestyle despite managing allergies, with a carefully planned diet and regular allergen avoidance ensuring both my physical and mental well-being. ' is set on object 'Object Repository/Profile_Creation_Page/Profile_Creation_Page_Objects/Input_I_Want_To_Type'

2023-11-27 13:24:32 - [MESSAGE][PASSED] - Text 'Hello, I'm Sophia, a dedicated environmental advocate, celebrating my 40 years of existence. With a Ph.D. in environmental policy, I've dedicated the past two decades to researching and promoting sustainable agriculture practices. Beyond my work in the environmental sector, I find immense joy in expressing my creativity through gardening, cultivating lush and biodiverse landscapes. In my pursuit of professional growth, I'm in search of a Senior who can offer valuable insights as I navigate the intricate world of agricultural sustainability. On a personal front, I prioritize a balanced lifestyle despite managing allergies, with a carefully planned diet and regular allergen avoidance ensuring both my physical and mental well-being. ' is set on object 'Object Repository/Profile_Creation_Page/Profile_Creation_Page_Objects/Input_I_Want_To_Type'

2023-11-27 13:24:32 - [TEST_STEP][PASSED] - scrollToElement(findTestObject("Object Repository/Profile_Creation_Page/Profile_Creation_Page_Objects/button_Next"), 0): Scroll to object 'Object Repository/Profile_Creation_Page/Profile_Creation_Page_Objects/button_Next' successfully

2023-11-27 13:24:32 - [MESSAGE][WARNING] - Timeout '0' is invalid. Using default page load timeout: '30'

2023-11-27 13:24:32 - [MESSAGE][PASSED] - Scroll to object 'Object Repository/Profile_Creation_Page/Profile_Creation_Page_Objects/button_Next' successfully

2023-11-27 13:24:32 - [TEST_STEP][PASSED] - click(findTestObject("Object Repository/Profile_Creation_Page/Profile_Creation_Page_Objects/button_Next")): Object: 'Object Repository/Profile_Creation_Page/Profile_Creation_Page_Objects/button_Next' is clicked on

2023-11-27 13:24:35 - [MESSAGE][PASSED] - Object: 'Object Repository/Profile_Creation_Page/Profile_Creation_Page_Objects/button_Next' is clicked on

2023-11-27 13:24:35 - [TEST_STEP][PASSED] - delay(45): Delayed 45 second(s)

2023-11-27 13:25:20 - [MESSAGE][PASSED] - Delayed 45 second(s)

2023-11-27 13:25:20 - [TEST_STEP][PASSED] - Education = getAttribute(findTestObject("Category_View_Page/Category_View_Page_Objects/Input_Edit_Educational_Info"), "value"): Attribute 'value' of object 'Object Repository/Category_View_Page/Category_View_Page_Objects/Input_Edit_Educational_Info' is: 'With a Ph.D. in environmental policy, I've dedicated the past two decades to researching and promoting sustainable agriculture practices.'

2023-11-27 13:25:20 - [MESSAGE][PASSED] - Attribute 'value' of object 'Object Repository/Category_View_Page/Category_View_Page_Objects/Input_Edit_Educational_Info' is: 'With a Ph.D. in environmental policy, I've dedicated the past two decades to researching and promoting sustainable agriculture practices.'

2023-11-27 13:25:20 - [TEST_STEP][PASSED] - validateText.ValidateText.calculateAndPrintPercentageMatch("EDUCATION", Education, EducationNew): validateText.ValidateText.calculateAndPrintPercentageMatch is PASSED

2023-11-27 13:25:20 - [MESSAGE][PASSED] - validateText.ValidateText.calculateAndPrintPercentageMatch is PASSED

2023-11-27 13:25:20 - [TEST_STEP][PASSED] - Hobbies = getAttribute(findTestObject("Category_View_Page/Category_View_Page_Objects/Input_Edit_Appropriate_Hobbies"), "value"): Attribute 'value' of object 'Object Repository/Category_View_Page/Category_View_Page_Objects/Input_Edit_Appropriate_Hobbies' is: 'Beyond my work in the environmental sector, I find immense joy in expressing my creativity through gardening, cultivating lush and biodiverse landscapes.'

2023-11-27 13:25:20 - [MESSAGE][PASSED] - Attribute 'value' of object 'Object Repository/Category_View_Page/Category_View_Page_Objects/Input_Edit_Appropriate_Hobbies' is: 'Beyond my work in the environmental sector, I find immense joy in expressing my creativity through gardening, cultivating lush and biodiverse landscapes.'

2023-11-27 13:25:20 - [TEST_STEP][PASSED] - validateText.ValidateText.calculateAndPrintPercentageMatch("HOBBIES", Hobbies, HobbiesNew): validateText.ValidateText.calculateAndPrintPercentageMatch is PASSED

2023-11-27 13:25:20 - [MESSAGE][PASSED] - validateText.ValidateText.calculateAndPrintPercentageMatch is PASSED

2023-11-27 13:25:20 - [TEST_STEP][PASSED] - Expectations = getAttribute(findTestObject("Category_View_Page/Category_View_Page_Objects/Input_Edit_expectation"), "value"): Attribute 'value' of object 'Object Repository/Category_View_Page/Category_View_Page_Objects/Input_Edit_expectation' is: 'In my pursuit of professional growth, I'm in search of a Senior who can offer valuable insights as I navigate the intricate world of agricultural sustainability.'

2023-11-27 13:25:20 - [MESSAGE][PASSED] - Attribute 'value' of object 'Object Repository/Category_View_Page/Category_View_Page_Objects/Input_Edit_expectation' is: 'In my pursuit of professional growth, I'm in search of a Senior who can offer valuable insights as I navigate the intricate world of agricultural sustainability.'

2023-11-27 13:25:20 - [TEST_STEP][PASSED] - validateText.ValidateText.calculateAndPrintPercentageMatch("EXPECTATIONS", Expectations, ExpectationsNew): validateText.ValidateText.calculateAndPrintPercentageMatch is PASSED

2023-11-27 13:25:20 - [MESSAGE][PASSED] - validateText.ValidateText.calculateAndPrintPercentageMatch is PASSED

2023-11-27 13:25:20 - [TEST_STEP][PASSED] - Others = getAttribute(findTestObject("Category_View_Page/Category_View_Page_Objects/Input_Edit_Appropriate_Health"), "value"): Attribute 'value' of object 'Object Repository/Category_View_Page/Category_View_Page_Objects/Input_Edit_Appropriate_Health' is: 'on a personal front, i prioritize a balanced lifestyle despite managing allergies, with a carefully planned diet and regular allergen avoidance ensuring both my physical and mental well-being. hello, i'm sophia, a dedicated environmental advocate, celebrating my 40 years of existence. i prioritize a balanced lifestyle despite managing allergies, with a carefully planned diet and regular allergen avoidance ensuring both my physical and mental well-being.'

2023-11-27 13:25:20 - [MESSAGE][PASSED] - Attribute 'value' of object 'Object Repository/Category_View_Page/Category_View_Page_Objects/Input_Edit_Appropriate_Health' is: 'on a personal front, i prioritize a balanced lifestyle despite managing allergies, with a carefully planned diet and regular allergen avoidance ensuring both my physical and mental well-being. hello, i'm sophia, a dedicated environmental advocate, celebrating my 40 years of existence. i prioritize a balanced lifestyle despite managing allergies, with a carefully planned diet and regular allergen avoidance ensuring both my physical and mental well-being.'

2023-11-27 13:25:20 - [TEST_STEP][PASSED] - validateText.ValidateText.calculateAndPrintPercentageMatch("OTHERS", Others, OtherNew): validateText.ValidateText.calculateAndPrintPercentageMatch is PASSED

2023-11-27 13:25:20 - [MESSAGE][PASSED] - validateText.ValidateText.calculateAndPrintPercentageMatch is PASSED

2023-11-27 13:25:20 - [TEST_STEP][PASSED] - waitForElementClickable(findTestObject("Object Repository/Category_View_Page/Category_View_Page_Objects/button_Save  Continue"), 65): Object 'Object Repository/Category_View_Page/Category_View_Page_Objects/button_Save  Continue' is clickable

2023-11-27 13:25:20 - [MESSAGE][PASSED] - Object 'Object Repository/Category_View_Page/Category_View_Page_Objects/button_Save  Continue' is clickable

2023-11-27 13:25:20 - [TEST_STEP][PASSED] - click(findTestObject("Object Repository/Category_View_Page/Category_View_Page_Objects/button_Save  Continue")): Object: 'Object Repository/Category_View_Page/Category_View_Page_Objects/button_Save  Continue' is clicked on

2023-11-27 13:25:23 - [MESSAGE][PASSED] - Object: 'Object Repository/Category_View_Page/Category_View_Page_Objects/button_Save  Continue' is clicked on

2023-11-27 13:25:23 - [TEST_STEP][PASSED] - verifyElementPresent(findTestObject("Object Repository/Thankyou_Page/Thankyou_Page_Objects/txt_h1_Thank you"), 0): Object 'Object Repository/Thankyou_Page/Thankyou_Page_Objects/txt_h1_Thank you' is present

2023-11-27 13:25:23 - [MESSAGE][WARNING] - Timeout '0' is invalid. Using default page load timeout: '30'

2023-11-27 13:25:23 - [MESSAGE][PASSED] - Object 'Object Repository/Thankyou_Page/Thankyou_Page_Objects/txt_h1_Thank you' is present

2023-11-27 13:25:23 - [TEST_STEP][PASSED] - delay(2): Delayed 2 second(s)

2023-11-27 13:25:25 - [MESSAGE][PASSED] - Delayed 2 second(s)

2023-11-27 13:25:25 - [TEST_STEP][PASSED] - closeBrowser(): Browser is closed

2023-11-27 13:25:25 - [MESSAGE][PASSED] - Browser is closed]]></system-out>
         <system-err><![CDATA[]]></system-err>
      </testcase>
      <testcase name="Test Cases/Companion_TestCases/TC04_CreateProfile_Type" time="120.141" classname="Test Cases/Companion_TestCases/TC04_CreateProfile_Type" status="PASSED">
         <system-out><![CDATA[2023-11-27 13:25:26 - [TEST_CASE][PASSED] - Test Cases/Companion_TestCases/TC04_CreateProfile_Type: Test Cases/Companion_TestCases/TC04_CreateProfile_Type

2023-11-27 13:25:26 - [TEST_STEP][PASSED] - callTestCase(findTestCase("Common_TestCases/Companion_SignUp"), ["username":UserName, "zipcode":ZipCode, "email":Email, "password":Password], STOP_ON_FAILURE): Call Test Case 'Test Cases/Common_TestCases/Companion_SignUp' successfully

2023-11-27 13:25:26 - [TEST_CASE][PASSED] - Test Cases/Common_TestCases/Companion_SignUp: Test Cases/Common_TestCases/Companion_SignUp

2023-11-27 13:25:26 - [TEST_STEP][PASSED] - System.setProperty("webdriver.chrome.driver", "Data Files/chromedriver-win64/chromedriver.exe"): null

2023-11-27 13:25:26 - [TEST_STEP][PASSED] - options = new org.openqa.selenium.chrome.ChromeOptions(): null

2023-11-27 13:25:26 - [TEST_STEP][PASSED] - options.addArguments("start-maximized"): null

2023-11-27 13:25:26 - [TEST_STEP][PASSED] - options.setExperimentalOption("prefs", new Script1700728747784$1(this)): null

2023-11-27 13:25:26 - [TEST_STEP][PASSED] - capabilities = DesiredCapabilities.chrome(): null

2023-11-27 13:25:26 - [TEST_STEP][PASSED] - capabilities.setCapability(CAPABILITY, options): null

2023-11-27 13:25:26 - [TEST_STEP][PASSED] - driver = new org.openqa.selenium.chrome.ChromeDriver(capabilities): null

2023-11-27 13:25:28 - [TEST_STEP][PASSED] - changeWebDriver(driver): null

2023-11-27 13:25:28 - [TEST_STEP][PASSED] - navigateToUrl("https://caring-connections-qa.azurewebsites.net/"): Navigate to 'https://caring-connections-qa.azurewebsites.net/' successfully

2023-11-27 13:25:31 - [MESSAGE][PASSED] - Navigate to 'https://caring-connections-qa.azurewebsites.net/' successfully

2023-11-27 13:25:31 - [TEST_STEP][PASSED] - click(findTestObject("Login_Pages/Sign_In_Page/button_Sign_Up")): Object: 'Object Repository/Login_Pages/Sign_In_Page/button_Sign_Up' is clicked on

2023-11-27 13:25:33 - [MESSAGE][PASSED] - Object: 'Object Repository/Login_Pages/Sign_In_Page/button_Sign_Up' is clicked on

2023-11-27 13:25:33 - [TEST_STEP][PASSED] - setText(findTestObject("Login_Pages/Sign_Up_Page/Input_First_Last_Name"), username): Text 'Emily' is set on object 'Object Repository/Login_Pages/Sign_Up_Page/Input_First_Last_Name'

2023-11-27 13:25:33 - [MESSAGE][PASSED] - Text 'Emily' is set on object 'Object Repository/Login_Pages/Sign_Up_Page/Input_First_Last_Name'

2023-11-27 13:25:33 - [TEST_STEP][PASSED] - setText(findTestObject("Login_Pages/Sign_Up_Page/Input_ZIP_code"), zipcode): Text '464646' is set on object 'Object Repository/Login_Pages/Sign_Up_Page/Input_ZIP_code'

2023-11-27 13:25:33 - [MESSAGE][PASSED] - Text '464646' is set on object 'Object Repository/Login_Pages/Sign_Up_Page/Input_ZIP_code'

2023-11-27 13:25:33 - [TEST_STEP][PASSED] - setText(findTestObject("Login_Pages/Sign_Up_Page/Input_Username"), email): Text 'emily233@gmail.com' is set on object 'Object Repository/Login_Pages/Sign_Up_Page/Input_Username'

2023-11-27 13:25:34 - [MESSAGE][PASSED] - Text 'emily233@gmail.com' is set on object 'Object Repository/Login_Pages/Sign_Up_Page/Input_Username'

2023-11-27 13:25:34 - [TEST_STEP][PASSED] - setText(findTestObject("Login_Pages/Sign_Up_Page/Input_Password"), password): Text 'Test@123' is set on object 'Object Repository/Login_Pages/Sign_Up_Page/Input_Password'

2023-11-27 13:25:34 - [MESSAGE][PASSED] - Text 'Test@123' is set on object 'Object Repository/Login_Pages/Sign_Up_Page/Input_Password'

2023-11-27 13:25:34 - [TEST_STEP][PASSED] - click(findTestObject("Login_Pages/Sign_Up_Page/button_role_Companion")): Object: 'Object Repository/Login_Pages/Sign_Up_Page/button_role_Companion' is clicked on

2023-11-27 13:25:34 - [MESSAGE][PASSED] - Object: 'Object Repository/Login_Pages/Sign_Up_Page/button_role_Companion' is clicked on

2023-11-27 13:25:34 - [TEST_STEP][PASSED] - click(findTestObject("Login_Pages/Sign_Up_Page/button_Sign_Up")): Object: 'Object Repository/Login_Pages/Sign_Up_Page/button_Sign_Up' is clicked on

2023-11-27 13:25:34 - [MESSAGE][PASSED] - Object: 'Object Repository/Login_Pages/Sign_Up_Page/button_Sign_Up' is clicked on

2023-11-27 13:25:34 - [MESSAGE][PASSED] - Call Test Case 'Test Cases/Common_TestCases/Companion_SignUp' successfully

2023-11-27 13:25:34 - [TEST_STEP][PASSED] - verifyElementPresent(findTestObject("Profile_Creation_Page/Profile_Creation_Page_Objects/Text_Expectations_From_Senior"), 0): Object 'Object Repository/Profile_Creation_Page/Profile_Creation_Page_Objects/Text_Expectations_From_Senior' is present

2023-11-27 13:25:34 - [MESSAGE][WARNING] - Timeout '0' is invalid. Using default page load timeout: '30'

2023-11-27 13:25:38 - [MESSAGE][PASSED] - Object 'Object Repository/Profile_Creation_Page/Profile_Creation_Page_Objects/Text_Expectations_From_Senior' is present

2023-11-27 13:25:38 - [TEST_STEP][PASSED] - verifyElementPresent(findTestObject("Profile_Creation_Page/Profile_Creation_Page_Objects/Text_Select the button of your choice to create your profile"), 0): Object 'Object Repository/Profile_Creation_Page/Profile_Creation_Page_Objects/Text_Select the button of your choice to create your profile' is present

2023-11-27 13:25:38 - [MESSAGE][WARNING] - Timeout '0' is invalid. Using default page load timeout: '30'

2023-11-27 13:25:38 - [MESSAGE][PASSED] - Object 'Object Repository/Profile_Creation_Page/Profile_Creation_Page_Objects/Text_Select the button of your choice to create your profile' is present

2023-11-27 13:25:38 - [TEST_STEP][PASSED] - verifyElementPresent(findTestObject("Profile_Creation_Page/Profile_Creation_Page_Objects/Text_We are excited"), 0): Object 'Object Repository/Profile_Creation_Page/Profile_Creation_Page_Objects/Text_We are excited' is present

2023-11-27 13:25:38 - [MESSAGE][WARNING] - Timeout '0' is invalid. Using default page load timeout: '30'

2023-11-27 13:25:39 - [MESSAGE][PASSED] - Object 'Object Repository/Profile_Creation_Page/Profile_Creation_Page_Objects/Text_We are excited' is present

2023-11-27 13:25:39 - [TEST_STEP][PASSED] - waitForElementClickable(findTestObject("Profile_Creation_Page/Profile_Creation_Page_Objects/btn_I_Want_To_Type"), 65): Object 'Object Repository/Profile_Creation_Page/Profile_Creation_Page_Objects/btn_I_Want_To_Type' is clickable

2023-11-27 13:26:32 - [MESSAGE][PASSED] - Object 'Object Repository/Profile_Creation_Page/Profile_Creation_Page_Objects/btn_I_Want_To_Type' is clickable

2023-11-27 13:26:32 - [TEST_STEP][PASSED] - click(findTestObject("Profile_Creation_Page/Profile_Creation_Page_Objects/btn_I_Want_To_Type")): Object: 'Object Repository/Profile_Creation_Page/Profile_Creation_Page_Objects/btn_I_Want_To_Type' is clicked on

2023-11-27 13:26:32 - [MESSAGE][PASSED] - Object: 'Object Repository/Profile_Creation_Page/Profile_Creation_Page_Objects/btn_I_Want_To_Type' is clicked on

2023-11-27 13:26:32 - [TEST_STEP][PASSED] - setText(findTestObject("Profile_Creation_Page/Profile_Creation_Page_Objects/Input_I_Want_To_Type"), Profile): Text 'Hello, I'm Emily, an avid environmental enthusiast, celebrating my 28 years of existence. Armed with a Bachelor's degree in environmental science, I've dedicated the past six years to researching and advocating for sustainable agricultural practices. Beyond my scientific work, I find immense joy in expressing my creativity through painting, creating vibrant works of art that reflect the beauty of the natural world. In my quest for professional growth, I'm in search of a Senior who can offer valuable insights as I navigate the complex world of environmental research and advocacy. On a personal front, I prioritize a balanced lifestyle despite managing allergies, with a carefully planned diet and regular meditation sessions ensuring both my physical and mental well-being. ' is set on object 'Object Repository/Profile_Creation_Page/Profile_Creation_Page_Objects/Input_I_Want_To_Type'

2023-11-27 13:26:33 - [MESSAGE][PASSED] - Text 'Hello, I'm Emily, an avid environmental enthusiast, celebrating my 28 years of existence. Armed with a Bachelor's degree in environmental science, I've dedicated the past six years to researching and advocating for sustainable agricultural practices. Beyond my scientific work, I find immense joy in expressing my creativity through painting, creating vibrant works of art that reflect the beauty of the natural world. In my quest for professional growth, I'm in search of a Senior who can offer valuable insights as I navigate the complex world of environmental research and advocacy. On a personal front, I prioritize a balanced lifestyle despite managing allergies, with a carefully planned diet and regular meditation sessions ensuring both my physical and mental well-being. ' is set on object 'Object Repository/Profile_Creation_Page/Profile_Creation_Page_Objects/Input_I_Want_To_Type'

2023-11-27 13:26:33 - [TEST_STEP][PASSED] - scrollToElement(findTestObject("Object Repository/Profile_Creation_Page/Profile_Creation_Page_Objects/button_Next"), 0): Scroll to object 'Object Repository/Profile_Creation_Page/Profile_Creation_Page_Objects/button_Next' successfully

2023-11-27 13:26:33 - [MESSAGE][WARNING] - Timeout '0' is invalid. Using default page load timeout: '30'

2023-11-27 13:26:33 - [MESSAGE][PASSED] - Scroll to object 'Object Repository/Profile_Creation_Page/Profile_Creation_Page_Objects/button_Next' successfully

2023-11-27 13:26:33 - [TEST_STEP][PASSED] - click(findTestObject("Object Repository/Profile_Creation_Page/Profile_Creation_Page_Objects/button_Next")): Object: 'Object Repository/Profile_Creation_Page/Profile_Creation_Page_Objects/button_Next' is clicked on

2023-11-27 13:26:35 - [MESSAGE][PASSED] - Object: 'Object Repository/Profile_Creation_Page/Profile_Creation_Page_Objects/button_Next' is clicked on

2023-11-27 13:26:35 - [TEST_STEP][PASSED] - delay(45): Delayed 45 second(s)

2023-11-27 13:27:20 - [MESSAGE][PASSED] - Delayed 45 second(s)

2023-11-27 13:27:20 - [TEST_STEP][PASSED] - Education = getAttribute(findTestObject("Category_View_Page/Category_View_Page_Objects/Input_Edit_Educational_Info"), "value"): Attribute 'value' of object 'Object Repository/Category_View_Page/Category_View_Page_Objects/Input_Edit_Educational_Info' is: 'Armed with a Bachelor's degree in environmental science, I've dedicated the past six years to researching and advocating for sustainable agricultural practices.'

2023-11-27 13:27:20 - [MESSAGE][PASSED] - Attribute 'value' of object 'Object Repository/Category_View_Page/Category_View_Page_Objects/Input_Edit_Educational_Info' is: 'Armed with a Bachelor's degree in environmental science, I've dedicated the past six years to researching and advocating for sustainable agricultural practices.'

2023-11-27 13:27:20 - [TEST_STEP][PASSED] - validateText.ValidateText.calculateAndPrintPercentageMatch("EDUCATION", Education, EducationNew): validateText.ValidateText.calculateAndPrintPercentageMatch is PASSED

2023-11-27 13:27:20 - [MESSAGE][PASSED] - validateText.ValidateText.calculateAndPrintPercentageMatch is PASSED

2023-11-27 13:27:20 - [TEST_STEP][PASSED] - Hobbies = getAttribute(findTestObject("Category_View_Page/Category_View_Page_Objects/Input_Edit_Appropriate_Hobbies"), "value"): Attribute 'value' of object 'Object Repository/Category_View_Page/Category_View_Page_Objects/Input_Edit_Appropriate_Hobbies' is: 'Beyond my scientific work, I find immense joy in expressing my creativity through painting, creating vibrant works of art that reflect the beauty of the natural world.'

2023-11-27 13:27:20 - [MESSAGE][PASSED] - Attribute 'value' of object 'Object Repository/Category_View_Page/Category_View_Page_Objects/Input_Edit_Appropriate_Hobbies' is: 'Beyond my scientific work, I find immense joy in expressing my creativity through painting, creating vibrant works of art that reflect the beauty of the natural world.'

2023-11-27 13:27:20 - [TEST_STEP][PASSED] - validateText.ValidateText.calculateAndPrintPercentageMatch("HOBBIES", Hobbies, HobbiesNew): validateText.ValidateText.calculateAndPrintPercentageMatch is PASSED

2023-11-27 13:27:20 - [MESSAGE][PASSED] - validateText.ValidateText.calculateAndPrintPercentageMatch is PASSED

2023-11-27 13:27:20 - [TEST_STEP][PASSED] - Expectations = getAttribute(findTestObject("Category_View_Page/Category_View_Page_Objects/Input_Edit_expectation"), "value"): Attribute 'value' of object 'Object Repository/Category_View_Page/Category_View_Page_Objects/Input_Edit_expectation' is: 'In my quest for professional growth, I'm in search of a Senior who can offer valuable insights as I navigate the complex world of environmental research and advocacy.'

2023-11-27 13:27:20 - [MESSAGE][PASSED] - Attribute 'value' of object 'Object Repository/Category_View_Page/Category_View_Page_Objects/Input_Edit_expectation' is: 'In my quest for professional growth, I'm in search of a Senior who can offer valuable insights as I navigate the complex world of environmental research and advocacy.'

2023-11-27 13:27:20 - [TEST_STEP][PASSED] - validateText.ValidateText.calculateAndPrintPercentageMatch("EXPECTATIONS", Expectations, ExpectationsNew): validateText.ValidateText.calculateAndPrintPercentageMatch is PASSED

2023-11-27 13:27:20 - [MESSAGE][PASSED] - validateText.ValidateText.calculateAndPrintPercentageMatch is PASSED

2023-11-27 13:27:20 - [TEST_STEP][PASSED] - Others = getAttribute(findTestObject("Category_View_Page/Category_View_Page_Objects/Input_Edit_Appropriate_Health"), "value"): Attribute 'value' of object 'Object Repository/Category_View_Page/Category_View_Page_Objects/Input_Edit_Appropriate_Health' is: 'on a personal front, i prioritize a balanced lifestyle despite managing allergies, with a carefully planned diet and regular meditation sessions ensuring both my physical and mental well-being. hello, i'm emily, an avid environmental enthusiast, celebrating my 28 years of existence. i'm emily, an avid environmental enthusiast, celebrating my 28 years of existence.'

2023-11-27 13:27:20 - [MESSAGE][PASSED] - Attribute 'value' of object 'Object Repository/Category_View_Page/Category_View_Page_Objects/Input_Edit_Appropriate_Health' is: 'on a personal front, i prioritize a balanced lifestyle despite managing allergies, with a carefully planned diet and regular meditation sessions ensuring both my physical and mental well-being. hello, i'm emily, an avid environmental enthusiast, celebrating my 28 years of existence. i'm emily, an avid environmental enthusiast, celebrating my 28 years of existence.'

2023-11-27 13:27:20 - [TEST_STEP][PASSED] - validateText.ValidateText.calculateAndPrintPercentageMatch("OTHERS", Others, OtherNew): validateText.ValidateText.calculateAndPrintPercentageMatch is PASSED

2023-11-27 13:27:20 - [MESSAGE][PASSED] - validateText.ValidateText.calculateAndPrintPercentageMatch is PASSED

2023-11-27 13:27:20 - [TEST_STEP][PASSED] - waitForElementClickable(findTestObject("Object Repository/Category_View_Page/Category_View_Page_Objects/button_Save  Continue"), 65): Object 'Object Repository/Category_View_Page/Category_View_Page_Objects/button_Save  Continue' is clickable

2023-11-27 13:27:21 - [MESSAGE][PASSED] - Object 'Object Repository/Category_View_Page/Category_View_Page_Objects/button_Save  Continue' is clickable

2023-11-27 13:27:21 - [TEST_STEP][PASSED] - click(findTestObject("Object Repository/Category_View_Page/Category_View_Page_Objects/button_Save  Continue")): Object: 'Object Repository/Category_View_Page/Category_View_Page_Objects/button_Save  Continue' is clicked on

2023-11-27 13:27:23 - [MESSAGE][PASSED] - Object: 'Object Repository/Category_View_Page/Category_View_Page_Objects/button_Save  Continue' is clicked on

2023-11-27 13:27:23 - [TEST_STEP][PASSED] - verifyElementPresent(findTestObject("Object Repository/Thankyou_Page/Thankyou_Page_Objects/txt_h1_Thank you"), 0): Object 'Object Repository/Thankyou_Page/Thankyou_Page_Objects/txt_h1_Thank you' is present

2023-11-27 13:27:23 - [MESSAGE][WARNING] - Timeout '0' is invalid. Using default page load timeout: '30'

2023-11-27 13:27:23 - [MESSAGE][PASSED] - Object 'Object Repository/Thankyou_Page/Thankyou_Page_Objects/txt_h1_Thank you' is present

2023-11-27 13:27:23 - [TEST_STEP][PASSED] - delay(2): Delayed 2 second(s)

2023-11-27 13:27:25 - [MESSAGE][PASSED] - Delayed 2 second(s)

2023-11-27 13:27:25 - [TEST_STEP][PASSED] - closeBrowser(): Browser is closed

2023-11-27 13:27:26 - [MESSAGE][PASSED] - Browser is closed]]></system-out>
         <system-err><![CDATA[]]></system-err>
      </testcase>
      <testcase name="Test Cases/Companion_TestCases/TC04_CreateProfile_Type" time="116.447" classname="Test Cases/Companion_TestCases/TC04_CreateProfile_Type" status="PASSED">
         <system-out><![CDATA[2023-11-27 13:27:26 - [TEST_CASE][PASSED] - Test Cases/Companion_TestCases/TC04_CreateProfile_Type: Test Cases/Companion_TestCases/TC04_CreateProfile_Type

2023-11-27 13:27:26 - [TEST_STEP][PASSED] - callTestCase(findTestCase("Common_TestCases/Companion_SignUp"), ["username":UserName, "zipcode":ZipCode, "email":Email, "password":Password], STOP_ON_FAILURE): Call Test Case 'Test Cases/Common_TestCases/Companion_SignUp' successfully

2023-11-27 13:27:26 - [TEST_CASE][PASSED] - Test Cases/Common_TestCases/Companion_SignUp: Test Cases/Common_TestCases/Companion_SignUp

2023-11-27 13:27:26 - [TEST_STEP][PASSED] - System.setProperty("webdriver.chrome.driver", "Data Files/chromedriver-win64/chromedriver.exe"): null

2023-11-27 13:27:26 - [TEST_STEP][PASSED] - options = new org.openqa.selenium.chrome.ChromeOptions(): null

2023-11-27 13:27:26 - [TEST_STEP][PASSED] - options.addArguments("start-maximized"): null

2023-11-27 13:27:26 - [TEST_STEP][PASSED] - options.setExperimentalOption("prefs", new Script1700728747784$1(this)): null

2023-11-27 13:27:26 - [TEST_STEP][PASSED] - capabilities = DesiredCapabilities.chrome(): null

2023-11-27 13:27:26 - [TEST_STEP][PASSED] - capabilities.setCapability(CAPABILITY, options): null

2023-11-27 13:27:26 - [TEST_STEP][PASSED] - driver = new org.openqa.selenium.chrome.ChromeDriver(capabilities): null

2023-11-27 13:27:28 - [TEST_STEP][PASSED] - changeWebDriver(driver): null

2023-11-27 13:27:28 - [TEST_STEP][PASSED] - navigateToUrl("https://caring-connections-qa.azurewebsites.net/"): Navigate to 'https://caring-connections-qa.azurewebsites.net/' successfully

2023-11-27 13:27:28 - [MESSAGE][PASSED] - Navigate to 'https://caring-connections-qa.azurewebsites.net/' successfully

2023-11-27 13:27:28 - [TEST_STEP][PASSED] - click(findTestObject("Login_Pages/Sign_In_Page/button_Sign_Up")): Object: 'Object Repository/Login_Pages/Sign_In_Page/button_Sign_Up' is clicked on

2023-11-27 13:27:32 - [MESSAGE][PASSED] - Object: 'Object Repository/Login_Pages/Sign_In_Page/button_Sign_Up' is clicked on

2023-11-27 13:27:32 - [TEST_STEP][PASSED] - setText(findTestObject("Login_Pages/Sign_Up_Page/Input_First_Last_Name"), username): Text 'Lily' is set on object 'Object Repository/Login_Pages/Sign_Up_Page/Input_First_Last_Name'

2023-11-27 13:27:32 - [MESSAGE][PASSED] - Text 'Lily' is set on object 'Object Repository/Login_Pages/Sign_Up_Page/Input_First_Last_Name'

2023-11-27 13:27:32 - [TEST_STEP][PASSED] - setText(findTestObject("Login_Pages/Sign_Up_Page/Input_ZIP_code"), zipcode): Text '464646' is set on object 'Object Repository/Login_Pages/Sign_Up_Page/Input_ZIP_code'

2023-11-27 13:27:33 - [MESSAGE][PASSED] - Text '464646' is set on object 'Object Repository/Login_Pages/Sign_Up_Page/Input_ZIP_code'

2023-11-27 13:27:33 - [TEST_STEP][PASSED] - setText(findTestObject("Login_Pages/Sign_Up_Page/Input_Username"), email): Text 'lily233@gmail.com' is set on object 'Object Repository/Login_Pages/Sign_Up_Page/Input_Username'

2023-11-27 13:27:33 - [MESSAGE][PASSED] - Text 'lily233@gmail.com' is set on object 'Object Repository/Login_Pages/Sign_Up_Page/Input_Username'

2023-11-27 13:27:33 - [TEST_STEP][PASSED] - setText(findTestObject("Login_Pages/Sign_Up_Page/Input_Password"), password): Text 'Test@123' is set on object 'Object Repository/Login_Pages/Sign_Up_Page/Input_Password'

2023-11-27 13:27:33 - [MESSAGE][PASSED] - Text 'Test@123' is set on object 'Object Repository/Login_Pages/Sign_Up_Page/Input_Password'

2023-11-27 13:27:33 - [TEST_STEP][PASSED] - click(findTestObject("Login_Pages/Sign_Up_Page/button_role_Companion")): Object: 'Object Repository/Login_Pages/Sign_Up_Page/button_role_Companion' is clicked on

2023-11-27 13:27:33 - [MESSAGE][PASSED] - Object: 'Object Repository/Login_Pages/Sign_Up_Page/button_role_Companion' is clicked on

2023-11-27 13:27:33 - [TEST_STEP][PASSED] - click(findTestObject("Login_Pages/Sign_Up_Page/button_Sign_Up")): Object: 'Object Repository/Login_Pages/Sign_Up_Page/button_Sign_Up' is clicked on

2023-11-27 13:27:33 - [MESSAGE][PASSED] - Object: 'Object Repository/Login_Pages/Sign_Up_Page/button_Sign_Up' is clicked on

2023-11-27 13:27:33 - [MESSAGE][PASSED] - Call Test Case 'Test Cases/Common_TestCases/Companion_SignUp' successfully

2023-11-27 13:27:33 - [TEST_STEP][PASSED] - verifyElementPresent(findTestObject("Profile_Creation_Page/Profile_Creation_Page_Objects/Text_Expectations_From_Senior"), 0): Object 'Object Repository/Profile_Creation_Page/Profile_Creation_Page_Objects/Text_Expectations_From_Senior' is present

2023-11-27 13:27:33 - [MESSAGE][WARNING] - Timeout '0' is invalid. Using default page load timeout: '30'

2023-11-27 13:27:37 - [MESSAGE][PASSED] - Object 'Object Repository/Profile_Creation_Page/Profile_Creation_Page_Objects/Text_Expectations_From_Senior' is present

2023-11-27 13:27:37 - [TEST_STEP][PASSED] - verifyElementPresent(findTestObject("Profile_Creation_Page/Profile_Creation_Page_Objects/Text_Select the button of your choice to create your profile"), 0): Object 'Object Repository/Profile_Creation_Page/Profile_Creation_Page_Objects/Text_Select the button of your choice to create your profile' is present

2023-11-27 13:27:37 - [MESSAGE][WARNING] - Timeout '0' is invalid. Using default page load timeout: '30'

2023-11-27 13:27:37 - [MESSAGE][PASSED] - Object 'Object Repository/Profile_Creation_Page/Profile_Creation_Page_Objects/Text_Select the button of your choice to create your profile' is present

2023-11-27 13:27:37 - [TEST_STEP][PASSED] - verifyElementPresent(findTestObject("Profile_Creation_Page/Profile_Creation_Page_Objects/Text_We are excited"), 0): Object 'Object Repository/Profile_Creation_Page/Profile_Creation_Page_Objects/Text_We are excited' is present

2023-11-27 13:27:37 - [MESSAGE][WARNING] - Timeout '0' is invalid. Using default page load timeout: '30'

2023-11-27 13:27:37 - [MESSAGE][PASSED] - Object 'Object Repository/Profile_Creation_Page/Profile_Creation_Page_Objects/Text_We are excited' is present

2023-11-27 13:27:37 - [TEST_STEP][PASSED] - waitForElementClickable(findTestObject("Profile_Creation_Page/Profile_Creation_Page_Objects/btn_I_Want_To_Type"), 65): Object 'Object Repository/Profile_Creation_Page/Profile_Creation_Page_Objects/btn_I_Want_To_Type' is clickable

2023-11-27 13:28:30 - [MESSAGE][PASSED] - Object 'Object Repository/Profile_Creation_Page/Profile_Creation_Page_Objects/btn_I_Want_To_Type' is clickable

2023-11-27 13:28:30 - [TEST_STEP][PASSED] - click(findTestObject("Profile_Creation_Page/Profile_Creation_Page_Objects/btn_I_Want_To_Type")): Object: 'Object Repository/Profile_Creation_Page/Profile_Creation_Page_Objects/btn_I_Want_To_Type' is clicked on

2023-11-27 13:28:30 - [MESSAGE][PASSED] - Object: 'Object Repository/Profile_Creation_Page/Profile_Creation_Page_Objects/btn_I_Want_To_Type' is clicked on

2023-11-27 13:28:30 - [TEST_STEP][PASSED] - setText(findTestObject("Profile_Creation_Page/Profile_Creation_Page_Objects/Input_I_Want_To_Type"), Profile): Text 'Hello, I'm Lily, a dedicated environmental advocate, celebrating my 35 years of existence. Armed with a Ph.D. in environmental engineering, I've devoted the past decade to pioneering sustainable water management solutions. Beyond my technical work, I find immense fulfillment in expressing my creativity through painting, capturing the essence of nature on canvas. In my pursuit of professional development, I'm in search of a Senior who can provide valuable insights as I navigate the intricate world of environmental engineering. On a personal front, I prioritize a balanced lifestyle despite managing allergies, with a carefully planned diet and regular mindfulness practices ensuring both my physical and mental well-being. ' is set on object 'Object Repository/Profile_Creation_Page/Profile_Creation_Page_Objects/Input_I_Want_To_Type'

2023-11-27 13:28:30 - [MESSAGE][PASSED] - Text 'Hello, I'm Lily, a dedicated environmental advocate, celebrating my 35 years of existence. Armed with a Ph.D. in environmental engineering, I've devoted the past decade to pioneering sustainable water management solutions. Beyond my technical work, I find immense fulfillment in expressing my creativity through painting, capturing the essence of nature on canvas. In my pursuit of professional development, I'm in search of a Senior who can provide valuable insights as I navigate the intricate world of environmental engineering. On a personal front, I prioritize a balanced lifestyle despite managing allergies, with a carefully planned diet and regular mindfulness practices ensuring both my physical and mental well-being. ' is set on object 'Object Repository/Profile_Creation_Page/Profile_Creation_Page_Objects/Input_I_Want_To_Type'

2023-11-27 13:28:30 - [TEST_STEP][PASSED] - scrollToElement(findTestObject("Object Repository/Profile_Creation_Page/Profile_Creation_Page_Objects/button_Next"), 0): Scroll to object 'Object Repository/Profile_Creation_Page/Profile_Creation_Page_Objects/button_Next' successfully

2023-11-27 13:28:30 - [MESSAGE][WARNING] - Timeout '0' is invalid. Using default page load timeout: '30'

2023-11-27 13:28:30 - [MESSAGE][PASSED] - Scroll to object 'Object Repository/Profile_Creation_Page/Profile_Creation_Page_Objects/button_Next' successfully

2023-11-27 13:28:30 - [TEST_STEP][PASSED] - click(findTestObject("Object Repository/Profile_Creation_Page/Profile_Creation_Page_Objects/button_Next")): Object: 'Object Repository/Profile_Creation_Page/Profile_Creation_Page_Objects/button_Next' is clicked on

2023-11-27 13:28:32 - [MESSAGE][PASSED] - Object: 'Object Repository/Profile_Creation_Page/Profile_Creation_Page_Objects/button_Next' is clicked on

2023-11-27 13:28:32 - [TEST_STEP][PASSED] - delay(45): Delayed 45 second(s)

2023-11-27 13:29:17 - [MESSAGE][PASSED] - Delayed 45 second(s)

2023-11-27 13:29:17 - [TEST_STEP][PASSED] - Education = getAttribute(findTestObject("Category_View_Page/Category_View_Page_Objects/Input_Edit_Educational_Info"), "value"): Attribute 'value' of object 'Object Repository/Category_View_Page/Category_View_Page_Objects/Input_Edit_Educational_Info' is: 'Armed with a Ph.D. in environmental engineering, I've devoted the past decade to pioneering sustainable water management solutions.'

2023-11-27 13:29:17 - [MESSAGE][PASSED] - Attribute 'value' of object 'Object Repository/Category_View_Page/Category_View_Page_Objects/Input_Edit_Educational_Info' is: 'Armed with a Ph.D. in environmental engineering, I've devoted the past decade to pioneering sustainable water management solutions.'

2023-11-27 13:29:17 - [TEST_STEP][PASSED] - validateText.ValidateText.calculateAndPrintPercentageMatch("EDUCATION", Education, EducationNew): validateText.ValidateText.calculateAndPrintPercentageMatch is PASSED

2023-11-27 13:29:17 - [MESSAGE][PASSED] - validateText.ValidateText.calculateAndPrintPercentageMatch is PASSED

2023-11-27 13:29:17 - [TEST_STEP][PASSED] - Hobbies = getAttribute(findTestObject("Category_View_Page/Category_View_Page_Objects/Input_Edit_Appropriate_Hobbies"), "value"): Attribute 'value' of object 'Object Repository/Category_View_Page/Category_View_Page_Objects/Input_Edit_Appropriate_Hobbies' is: 'Beyond my technical work, I find immense fulfillment in expressing my creativity through painting, capturing the essence of nature on canvas.'

2023-11-27 13:29:18 - [MESSAGE][PASSED] - Attribute 'value' of object 'Object Repository/Category_View_Page/Category_View_Page_Objects/Input_Edit_Appropriate_Hobbies' is: 'Beyond my technical work, I find immense fulfillment in expressing my creativity through painting, capturing the essence of nature on canvas.'

[...]

2023-11-27 13:37:24 - [TEST_STEP][PASSED] - validateText.ValidateText.calculateAndPrintPercentageMatch("HOBBIES", Hobbies, HobbiesNew): validateText.ValidateText.calculateAndPrintPercentageMatch is PASSED

2023-11-27 13:37:24 - [MESSAGE][PASSED] - validateText.ValidateText.calculateAndPrintPercentageMatch is PASSED

2023-11-27 13:37:24 - [TEST_STEP][PASSED] - Expectations = getAttribute(findTestObject("Category_View_Page/Category_View_Page_Objects/Input_Edit_expectation"), "value"): Attribute 'value' of object 'Object Repository/Category_View_Page/Category_View_Page_Objects/Input_Edit_expectation' is: 'In my quest for professional growth, I'm in search of a Senior who can offer valuable insights as I navigate the complex world of environmental research and advocacy.'

2023-11-27 13:37:24 - [MESSAGE][PASSED] - Attribute 'value' of object 'Object Repository/Category_View_Page/Category_View_Page_Objects/Input_Edit_expectation' is: 'In my quest for professional growth, I'm in search of a Senior who can offer valuable insights as I navigate the complex world of environmental research and advocacy.'

2023-11-27 13:37:24 - [TEST_STEP][PASSED] - validateText.ValidateText.calculateAndPrintPercentageMatch("EXPECTATIONS", Expectations, ExpectationsNew): validateText.ValidateText.calculateAndPrintPercentageMatch is PASSED

2023-11-27 13:37:24 - [MESSAGE][PASSED] - validateText.ValidateText.calculateAndPrintPercentageMatch is PASSED

2023-11-27 13:37:24 - [TEST_STEP][PASSED] - Others = getAttribute(findTestObject("Category_View_Page/Category_View_Page_Objects/Input_Edit_Appropriate_Health"), "value"): Attribute 'value' of object 'Object Repository/Category_View_Page/Category_View_Page_Objects/Input_Edit_Appropriate_Health' is: 'on a personal front, i prioritize a balanced lifestyle despite managing allergies, with a carefully planned diet and regular meditation sessions ensuring both my physical and mental well-being. hello, i'm emily, an avid environmental enthusiast, celebrating my 28 years of existence. hello, i'm emily, an avid environmental enthusiast, celebrating my 28 years of existence.'

2023-11-27 13:37:24 - [MESSAGE][PASSED] - Attribute 'value' of object 'Object Repository/Category_View_Page/Category_View_Page_Objects/Input_Edit_Appropriate_Health' is: 'on a personal front, i prioritize a balanced lifestyle despite managing allergies, with a carefully planned diet and regular meditation sessions ensuring both my physical and mental well-being. hello, i'm emily, an avid environmental enthusiast, celebrating my 28 years of existence. hello, i'm emily, an avid environmental enthusiast, celebrating my 28 years of existence.'

2023-11-27 13:37:24 - [TEST_STEP][PASSED] - validateText.ValidateText.calculateAndPrintPercentageMatch("OTHERS", Others, OtherNew): validateText.ValidateText.calculateAndPrintPercentageMatch is PASSED

2023-11-27 13:37:24 - [MESSAGE][PASSED] - validateText.ValidateText.calculateAndPrintPercentageMatch is PASSED

2023-11-27 13:37:24 - [TEST_STEP][PASSED] - waitForElementClickable(findTestObject("Object Repository/Category_View_Page/Category_View_Page_Objects/button_Save  Continue"), 65): Object 'Object Repository/Category_View_Page/Category_View_Page_Objects/button_Save  Continue' is clickable

2023-11-27 13:37:25 - [MESSAGE][PASSED] - Object 'Object Repository/Category_View_Page/Category_View_Page_Objects/button_Save  Continue' is clickable

2023-11-27 13:37:25 - [TEST_STEP][PASSED] - click(findTestObject("Object Repository/Category_View_Page/Category_View_Page_Objects/button_Save  Continue")): Object: 'Object Repository/Category_View_Page/Category_View_Page_Objects/button_Save  Continue' is clicked on

2023-11-27 13:37:27 - [MESSAGE][PASSED] - Object: 'Object Repository/Category_View_Page/Category_View_Page_Objects/button_Save  Continue' is clicked on

2023-11-27 13:37:27 - [TEST_STEP][PASSED] - verifyElementPresent(findTestObject("Object Repository/Thankyou_Page/Thankyou_Page_Objects/txt_h1_Thank you"), 0): Object 'Object Repository/Thankyou_Page/Thankyou_Page_Objects/txt_h1_Thank you' is present

2023-11-27 13:37:27 - [MESSAGE][WARNING] - Timeout '0' is invalid. Using default page load timeout: '30'

2023-11-27 13:37:27 - [MESSAGE][PASSED] - Object 'Object Repository/Thankyou_Page/Thankyou_Page_Objects/txt_h1_Thank you' is present

2023-11-27 13:37:27 - [TEST_STEP][PASSED] - delay(2): Delayed 2 second(s)

2023-11-27 13:37:29 - [MESSAGE][PASSED] - Delayed 2 second(s)

2023-11-27 13:37:29 - [TEST_STEP][PASSED] - closeBrowser(): Browser is closed

2023-11-27 13:37:29 - [MESSAGE][PASSED] - Browser is closed]]></system-out>
         <system-err><![CDATA[]]></system-err>
      </testcase>
      <testcase name="Test Cases/Companion_TestCases/TC05_ReRecord_Type" time="122.138" classname="Test Cases/Companion_TestCases/TC05_ReRecord_Type" status="PASSED">
         <system-out><![CDATA[2023-11-27 13:37:29 - [TEST_CASE][PASSED] - Test Cases/Companion_TestCases/TC05_ReRecord_Type: Test Cases/Companion_TestCases/TC05_ReRecord_Type

2023-11-27 13:37:29 - [TEST_STEP][PASSED] - callTestCase(findTestCase("Common_TestCases/Sign_In"), ["email":Email, "password":Password], STOP_ON_FAILURE): Call Test Case 'Test Cases/Common_TestCases/Sign_In' successfully

2023-11-27 13:37:29 - [TEST_CASE][PASSED] - Test Cases/Common_TestCases/Sign_In: Test Cases/Common_TestCases/Sign_In

2023-11-27 13:37:29 - [TEST_STEP][PASSED] - System.setProperty("webdriver.chrome.driver", "Data Files/chromedriver-win64/chromedriver.exe"): null

2023-11-27 13:37:29 - [TEST_STEP][PASSED] - options = new org.openqa.selenium.chrome.ChromeOptions(): null

2023-11-27 13:37:29 - [TEST_STEP][PASSED] - options.addArguments("start-maximized"): null

2023-11-27 13:37:29 - [TEST_STEP][PASSED] - capabilities = DesiredCapabilities.chrome(): null

2023-11-27 13:37:29 - [TEST_STEP][PASSED] - capabilities.setCapability(CAPABILITY, options): null

2023-11-27 13:37:29 - [TEST_STEP][PASSED] - driver = new org.openqa.selenium.chrome.ChromeDriver(capabilities): null

2023-11-27 13:37:30 - [TEST_STEP][PASSED] - changeWebDriver(driver): null

2023-11-27 13:37:30 - [TEST_STEP][PASSED] - navigateToUrl("https://caring-connections-qa.azurewebsites.net/"): Navigate to 'https://caring-connections-qa.azurewebsites.net/' successfully

2023-11-27 13:37:33 - [MESSAGE][PASSED] - Navigate to 'https://caring-connections-qa.azurewebsites.net/' successfully

2023-11-27 13:37:33 - [TEST_STEP][PASSED] - setText(findTestObject("Login_Pages/Sign_In_Page/input_Username"), email): Text 'lily233@gmail.com' is set on object 'Object Repository/Login_Pages/Sign_In_Page/input_Username'

2023-11-27 13:37:33 - [MESSAGE][PASSED] - Text 'lily233@gmail.com' is set on object 'Object Repository/Login_Pages/Sign_In_Page/input_Username'

2023-11-27 13:37:33 - [TEST_STEP][PASSED] - setText(findTestObject("Login_Pages/Sign_In_Page/input_Password"), password): Text 'Test@123' is set on object 'Object Repository/Login_Pages/Sign_In_Page/input_Password'

2023-11-27 13:37:33 - [MESSAGE][PASSED] - Text 'Test@123' is set on object 'Object Repository/Login_Pages/Sign_In_Page/input_Password'

2023-11-27 13:37:33 - [TEST_STEP][PASSED] - click(findTestObject("Object Repository/Login_Pages/Sign_In_Page/button_Sign_In")): Object: 'Object Repository/Login_Pages/Sign_In_Page/button_Sign_In' is clicked on

2023-11-27 13:37:35 - [MESSAGE][PASSED] - Object: 'Object Repository/Login_Pages/Sign_In_Page/button_Sign_In' is clicked on

2023-11-27 13:37:35 - [MESSAGE][PASSED] - Call Test Case 'Test Cases/Common_TestCases/Sign_In' successfully

2023-11-27 13:37:35 - [TEST_STEP][PASSED] - delay(5): Delayed 5 second(s)

2023-11-27 13:37:40 - [MESSAGE][PASSED] - Delayed 5 second(s)

2023-11-27 13:37:40 - [TEST_STEP][PASSED] - scrollToElement(findTestObject("Object Repository/Category_View_Page/Category_View_Page_Objects/button_Re-record"), 0): Scroll to object 'Object Repository/Category_View_Page/Category_View_Page_Objects/button_Re-record' successfully

2023-11-27 13:37:40 - [MESSAGE][WARNING] - Timeout '0' is invalid. Using default page load timeout: '30'

2023-11-27 13:37:40 - [MESSAGE][PASSED] - Scroll to object 'Object Repository/Category_View_Page/Category_View_Page_Objects/button_Re-record' successfully

2023-11-27 13:37:40 - [TEST_STEP][PASSED] - click(findTestObject("Object Repository/Category_View_Page/Category_View_Page_Objects/button_Re-record")): Object: 'Object Repository/Category_View_Page/Category_View_Page_Objects/button_Re-record' is clicked on

2023-11-27 13:37:43 - [MESSAGE][PASSED] - Object: 'Object Repository/Category_View_Page/Category_View_Page_Objects/button_Re-record' is clicked on

2023-11-27 13:37:43 - [TEST_STEP][PASSED] - click(findTestObject("Object Repository/Category_View_Page/Category_View_Page_Objects/btn_Proceed_ReRecord")): Object: 'Object Repository/Category_View_Page/Category_View_Page_Objects/btn_Proceed_ReRecord' is clicked on

2023-11-27 13:37:43 - [MESSAGE][PASSED] - Object: 'Object Repository/Category_View_Page/Category_View_Page_Objects/btn_Proceed_ReRecord' is clicked on

2023-11-27 13:37:43 - [TEST_STEP][PASSED] - waitForElementClickable(findTestObject("Profile_Creation_Page/Profile_Creation_Page_Objects/btn_I_Want_To_Type"), 65): Object 'Object Repository/Profile_Creation_Page/Profile_Creation_Page_Objects/btn_I_Want_To_Type' is clickable

2023-11-27 13:38:36 - [MESSAGE][PASSED] - Object 'Object Repository/Profile_Creation_Page/Profile_Creation_Page_Objects/btn_I_Want_To_Type' is clickable

2023-11-27 13:38:36 - [TEST_STEP][PASSED] - click(findTestObject("Profile_Creation_Page/Profile_Creation_Page_Objects/btn_I_Want_To_Type")): Object: 'Object Repository/Profile_Creation_Page/Profile_Creation_Page_Objects/btn_I_Want_To_Type' is clicked on

2023-11-27 13:38:36 - [MESSAGE][PASSED] - Object: 'Object Repository/Profile_Creation_Page/Profile_Creation_Page_Objects/btn_I_Want_To_Type' is clicked on

2023-11-27 13:38:36 - [TEST_STEP][PASSED] - setText(findTestObject("Profile_Creation_Page/Profile_Creation_Page_Objects/Input_I_Want_To_Type"), Profile): Text 'Hello, I'm Lily, a dedicated environmental advocate, celebrating my 35 years of existence. Armed with a Ph.D. in environmental engineering, I've devoted the past decade to pioneering sustainable water management solutions. Beyond my technical work, I find immense fulfillment in expressing my creativity through painting, capturing the essence of nature on canvas. In my pursuit of professional development, I'm in search of a Senior who can provide valuable insights as I navigate the intricate world of environmental engineering. On a personal front, I prioritize a balanced lifestyle despite managing allergies, with a carefully planned diet and regular mindfulness practices ensuring both my physical and mental well-being. ' is set on object 'Object Repository/Profile_Creation_Page/Profile_Creation_Page_Objects/Input_I_Want_To_Type'

2023-11-27 13:38:37 - [MESSAGE][PASSED] - Text 'Hello, I'm Lily, a dedicated environmental advocate, celebrating my 35 years of existence. Armed with a Ph.D. in environmental engineering, I've devoted the past decade to pioneering sustainable water management solutions. Beyond my technical work, I find immense fulfillment in expressing my creativity through painting, capturing the essence of nature on canvas. In my pursuit of professional development, I'm in search of a Senior who can provide valuable insights as I navigate the intricate world of environmental engineering. On a personal front, I prioritize a balanced lifestyle despite managing allergies, with a carefully planned diet and regular mindfulness practices ensuring both my physical and mental well-being. ' is set on object 'Object Repository/Profile_Creation_Page/Profile_Creation_Page_Objects/Input_I_Want_To_Type'

2023-11-27 13:38:37 - [TEST_STEP][PASSED] - scrollToElement(findTestObject("Object Repository/Profile_Creation_Page/Profile_Creation_Page_Objects/button_Next"), 0): Scroll to object 'Object Repository/Profile_Creation_Page/Profile_Creation_Page_Objects/button_Next' successfully

2023-11-27 13:38:37 - [MESSAGE][WARNING] - Timeout '0' is invalid. Using default page load timeout: '30'

2023-11-27 13:38:37 - [MESSAGE][PASSED] - Scroll to object 'Object Repository/Profile_Creation_Page/Profile_Creation_Page_Objects/button_Next' successfully

2023-11-27 13:38:37 - [TEST_STEP][PASSED] - click(findTestObject("Object Repository/Profile_Creation_Page/Profile_Creation_Page_Objects/button_Next")): Object: 'Object Repository/Profile_Creation_Page/Profile_Creation_Page_Objects/button_Next' is clicked on

2023-11-27 13:38:40 - [MESSAGE][PASSED] - Object: 'Object Repository/Profile_Creation_Page/Profile_Creation_Page_Objects/button_Next' is clicked on

2023-11-27 13:38:40 - [TEST_STEP][PASSED] - delay(45): Delayed 45 second(s)

2023-11-27 13:39:25 - [MESSAGE][PASSED] - Delayed 45 second(s)

2023-11-27 13:39:25 - [TEST_STEP][PASSED] - Education = getAttribute(findTestObject("Category_View_Page/Category_View_Page_Objects/Input_Edit_Educational_Info"), "value"): Attribute 'value' of object 'Object Repository/Category_View_Page/Category_View_Page_Objects/Input_Edit_Educational_Info' is: 'Armed with a Ph.D. in environmental engineering, I've devoted the past decade to pioneering sustainable water management solutions.'

2023-11-27 13:39:25 - [MESSAGE][PASSED] - Attribute 'value' of object 'Object Repository/Category_View_Page/Category_View_Page_Objects/Input_Edit_Educational_Info' is: 'Armed with a Ph.D. in environmental engineering, I've devoted the past decade to pioneering sustainable water management solutions.'

2023-11-27 13:39:25 - [TEST_STEP][PASSED] - validateText.ValidateText.calculateAndPrintPercentageMatch("EDUCATION", Education, EducationNew): validateText.ValidateText.calculateAndPrintPercentageMatch is PASSED

2023-11-27 13:39:25 - [MESSAGE][PASSED] - validateText.ValidateText.calculateAndPrintPercentageMatch is PASSED

2023-11-27 13:39:25 - [TEST_STEP][PASSED] - Hobbies = getAttribute(findTestObject("Category_View_Page/Category_View_Page_Objects/Input_Edit_Appropriate_Hobbies"), "value"): Attribute 'value' of object 'Object Repository/Category_View_Page/Category_View_Page_Objects/Input_Edit_Appropriate_Hobbies' is: 'Beyond my technical work, I find immense fulfillment in expressing my creativity through painting, capturing the essence of nature on canvas.'

2023-11-27 13:39:25 - [MESSAGE][PASSED] - Attribute 'value' of object 'Object Repository/Category_View_Page/Category_View_Page_Objects/Input_Edit_Appropriate_Hobbies' is: 'Beyond my technical work, I find immense fulfillment in expressing my creativity through painting, capturing the essence of nature on canvas.'

2023-11-27 13:39:25 - [TEST_STEP][PASSED] - validateText.ValidateText.calculateAndPrintPercentageMatch("HOBBIES", Hobbies, HobbiesNew): validateText.ValidateText.calculateAndPrintPercentageMatch is PASSED

2023-11-27 13:39:25 - [MESSAGE][PASSED] - validateText.ValidateText.calculateAndPrintPercentageMatch is PASSED

2023-11-27 13:39:25 - [TEST_STEP][PASSED] - Expectations = getAttribute(findTestObject("Category_View_Page/Category_View_Page_Objects/Input_Edit_expectation"), "value"): Attribute 'value' of object 'Object Repository/Category_View_Page/Category_View_Page_Objects/Input_Edit_expectation' is: 'In my pursuit of professional development, I'm in search of a Senior who can provide valuable insights as I navigate the intricate world of environmental engineering.'

2023-11-27 13:39:25 - [MESSAGE][PASSED] - Attribute 'value' of object 'Object Repository/Category_View_Page/Category_View_Page_Objects/Input_Edit_expectation' is: 'In my pursuit of professional development, I'm in search of a Senior who can provide valuable insights as I navigate the intricate world of environmental engineering.'

2023-11-27 13:39:25 - [TEST_STEP][PASSED] - validateText.ValidateText.calculateAndPrintPercentageMatch("EXPECTATIONS", Expectations, ExpectationsNew): validateText.ValidateText.calculateAndPrintPercentageMatch is PASSED

2023-11-27 13:39:25 - [MESSAGE][PASSED] - validateText.ValidateText.calculateAndPrintPercentageMatch is PASSED

2023-11-27 13:39:25 - [TEST_STEP][PASSED] - Others = getAttribute(findTestObject("Category_View_Page/Category_View_Page_Objects/Input_Edit_Appropriate_Health"), "value"): Attribute 'value' of object 'Object Repository/Category_View_Page/Category_View_Page_Objects/Input_Edit_Appropriate_Health' is: 'on a personal front, i prioritize a balanced lifestyle despite managing allergies, with a carefully planned diet and regular mindfulness practices ensuring both my physical and mental well-being. hello, i'm lily, a dedicated environmental advocate, celebrating my 35 years of existence. i prioritize a balanced lifestyle despite managing allergies, with a carefully planned diet and regular mindfulness practices ensuring both my physical and mental well-being.'

2023-11-27 13:39:25 - [MESSAGE][PASSED] - Attribute 'value' of object 'Object Repository/Category_View_Page/Category_View_Page_Objects/Input_Edit_Appropriate_Health' is: 'on a personal front, i prioritize a balanced lifestyle despite managing allergies, with a carefully planned diet and regular mindfulness practices ensuring both my physical and mental well-being. hello, i'm lily, a dedicated environmental advocate, celebrating my 35 years of existence. i prioritize a balanced lifestyle despite managing allergies, with a carefully planned diet and regular mindfulness practices ensuring both my physical and mental well-being.'

2023-11-27 13:39:25 - [TEST_STEP][PASSED] - validateText.ValidateText.calculateAndPrintPercentageMatch("OTHERS", Others, OtherNew): validateText.ValidateText.calculateAndPrintPercentageMatch is PASSED

2023-11-27 13:39:25 - [MESSAGE][PASSED] - validateText.ValidateText.calculateAndPrintPercentageMatch is PASSED

2023-11-27 13:39:25 - [TEST_STEP][PASSED] - waitForElementClickable(findTestObject("Object Repository/Category_View_Page/Category_View_Page_Objects/button_Save  Continue"), 65): Object 'Object Repository/Category_View_Page/Category_View_Page_Objects/button_Save  Continue' is clickable

2023-11-27 13:39:25 - [MESSAGE][PASSED] - Object 'Object Repository/Category_View_Page/Category_View_Page_Objects/button_Save  Continue' is clickable

2023-11-27 13:39:25 - [TEST_STEP][PASSED] - click(findTestObject("Object Repository/Category_View_Page/Category_View_Page_Objects/button_Save  Continue")): Object: 'Object Repository/Category_View_Page/Category_View_Page_Objects/button_Save  Continue' is clicked on

2023-11-27 13:39:28 - [MESSAGE][PASSED] - Object: 'Object Repository/Category_View_Page/Category_View_Page_Objects/button_Save  Continue' is clicked on

2023-11-27 13:39:28 - [TEST_STEP][PASSED] - verifyElementPresent(findTestObject("Object Repository/Thankyou_Page/Thankyou_Page_Objects/txt_h1_Thank you"), 0): Object 'Object Repository/Thankyou_Page/Thankyou_Page_Objects/txt_h1_Thank you' is present

2023-11-27 13:39:28 - [MESSAGE][WARNING] - Timeout '0' is invalid. Using default page load timeout: '30'

2023-11-27 13:39:29 - [MESSAGE][PASSED] - Object 'Object Repository/Thankyou_Page/Thankyou_Page_Objects/txt_h1_Thank you' is present

2023-11-27 13:39:29 - [TEST_STEP][PASSED] - delay(2): Delayed 2 second(s)

2023-11-27 13:39:31 - [MESSAGE][PASSED] - Delayed 2 second(s)

2023-11-27 13:39:31 - [TEST_STEP][PASSED] - closeBrowser(): Browser is closed

2023-11-27 13:39:31 - [MESSAGE][PASSED] - Browser is closed]]></system-out>
         <system-err><![CDATA[]]></system-err>
      </testcase>
      <system-out><![CDATA[2023-11-27 13:19:22 - [TEST_SUITE][PASSED] - Companion_Type: Test Cases/Companion_TestCases/TC05_ReRecord_Type]]></system-out>
      <system-err><![CDATA[]]></system-err>
   </testsuite>
</testsuites>
